17:45:32.449 > Stop | servo y-axis (up) | servo turn 0 degree | gripper on
17:45:32.569 > Stop | servo y-axis (up) | servo turn 0 degree | gripper on
17:45:32.688 > Stop | servo y-axis (up) | servo turn 0 degree | gripper on
17:45:32.809 > Stop | servo y-axis (up) | servo turn 0 degree | gripper on
17:45:32.928 > Stop | servo y-axis (up) | servo turn 0 degree | gripper on
17:45:33.048 > Stop | servo y-axis (up) | servo turn 0 degree | gripper on
17:45:33.168 > Stop | servo y-axis (up) | servo turn 0 degree | gripper on
17:45:33.289 > Stop | servo y-axis (up) | servo turn 0 degree | gripper on
17:45:33.409 > Stop | servo y-axis (up) | servo turn 0 degree | gripper on
17:45:33.529 > Stop | servo y-axis (up) | servo turn 0 degree | gripper on
17:45:33.648 > Stop | servo y-axis (up) | servo turn 0 degree | gripper on
17:45:33.769 > Stop | servo y-axis (up) | servo turn 0 degree | gripper on
17:45:33.888 > Stop | servo y-axis (up) | servo turn 0 degree | gripper on
17:45:34.009 > Stop | servo y-axis (up) | servo turn 0 degree | gripper on
17:45:34.129 > Stop | servo y-axis (up) | servo turn 0 degree | gripper on
17:45:34.249 > Stop | servo y-axis (up) | servo turn 0 degree | gripper on
17:45:34.369 > Stop | servo y-axis (up) | servo turn 0 degree | gripper on
17:45:34.488 > Stop | servo y-axis (up) | servo turn 0 degree | gripper on
17:45:34.608 > Stop | servo y-axis (up) | servo turn 0 degree | gripper on
17:45:34.729 > Stop | servo y-axis (up) | servo turn 0 degree | gripper on
17:45:34.849 > Stop | servo y-axis (up) | servo turn 0 degree | gripper on
17:45:34.969 > Stop | servo y-axis (up) | servo turn 0 degree | gripper on
17:45:35.089 > Stop | servo y-axis (up) | servo turn 0 degree | gripper on
17:45:35.209 > Stop | servo y-axis (up) | servo turn 0 degree | gripper on
17:45:35.329 > Stop | servo y-axis (up) | servo turn 0 degree | gripper on
17:45:35.449 > Stop | servo y-axis (up) | servo turn 0 degree | gripper on
17:45:35.569 > Stop | servo y-axis (up) | servo turn 0 degree | gripper on
17:45:35.689 > Stop | servo y-axis (up) | servo turn 0 degree | gripper on
17:45:35.809 > Stop | servo y-axis (up) | servo turn 0 degree | gripper on
17:45:35.929 > Stop | servo y-axis (up) | servo turn 0 degree | gripper on
17:45:36.048 > Stop | servo y-axis (up) | servo turn 0 degree | gripper on
17:45:36.168 > Stop | servo y-axis (up) | servo turn 0 degree | gripper on
17:45:36.288 > Left | servo y-axis (up) | servo turn 0 degree | gripper on
17:45:36.408 > Left | servo y-axis (up) | servo turn 0 degree | gripper on
17:45:36.528 > Left | servo y-axis (up) | servo turn 0 degree | gripper on
17:45:36.649 > Left | servo y-axis (up) | servo turn 0 degree | gripper on
17:45:36.769 > Left | servo y-axis (up) | servo turn 0 degree | gripper on
17:45:36.888 > Left | servo y-axis (up) | servo turn 0 degree | gripper on
17:45:37.008 > Stop | servo y-axis (up) | servo turn 0 degree | gripper on
17:45:37.128 > Right | servo y-axis (up) | servo turn 0 degree | gripper on
17:45:37.248 > Right | servo y-axis (up) | servo turn 0 degree | gripper on
17:45:37.368 > Right | servo y-axis (up) | servo turn 0 degree | gripper on
17:45:37.488 > Right | servo y-axis (up) | servo turn 0 degree | gripper on
17:45:37.608 > Right | servo y-axis (up) | servo turn 0 degree | gripper on
17:45:37.728 > Right | servo y-axis (up) | servo turn 0 degree | gripper on
17:45:37.849 > Right | servo y-axis (up) | servo turn 0 degree | gripper on
17:45:37.968 > Left | servo y-axis (up) | servo turn 0 degree | gripper on
17:45:38.088 > Left | servo y-axis (up) | servo turn 0 degree | gripper on
17:45:38.208 > Left | servo y-axis (up) | servo turn 0 degree | gripper on
17:45:38.328 > Left | servo y-axis (up) | servo turn 0 degree | gripper on
17:45:38.448 > Left | servo y-axis (up) | servo turn 0 degree | gripper on
17:45:38.568 > Right | servo y-axis (up) | servo turn 0 degree | gripper on
17:45:38.688 > Right | servo y-axis (up) | servo turn 0 degree | gripper on
17:45:38.808 > Right | servo y-axis (up) | servo turn 0 degree | gripper on
17:45:38.928 > Right | servo y-axis (up) | servo turn 0 degree | gripper on
17:45:39.048 > Right | servo y-axis (up) | servo turn 0 degree | gripper on
17:45:39.168 > Right | servo y-axis (up) | servo turn 0 degree | gripper on
17:45:39.288 > Stop | servo y-axis (up) | servo turn 0 degree | gripper on
17:45:39.408 > Left | servo y-axis (up) | servo turn 0 degree | gripper on
17:45:39.528 > Left | servo y-axis (up) | servo turn 0 degree | gripper on
17:45:39.648 > Left | servo y-axis (up) | servo turn 0 degree | gripper on
17:45:39.768 > Left | servo y-axis (up) | servo turn 0 degree | gripper on
17:45:39.888 > Left | servo y-axis (up) | servo turn 0 degree | gripper on
17:45:40.008 > Right | servo y-axis (up) | servo turn 0 degree | gripper on
17:45:40.128 > Right | servo y-axis (up) | servo turn 0 degree | gripper on
17:45:40.248 > Right | servo y-axis (up) | servo turn 0 degree | gripper on
17:45:40.368 > Right | servo y-axis (up) | servo turn 0 degree | gripper on
17:45:40.488 > Right | servo y-axis (up) | servo turn 0 degree | gripper on
17:45:40.608 > Right | servo y-axis (up) | servo turn 0 degree | gripper on
17:45:40.728 > Left | servo y-axis (up) | servo turn 0 degree | gripper on
17:45:40.848 > Left | servo y-axis (up) | servo turn 0 degree | gripper on
17:45:40.968 > Left | servo y-axis (up) | servo turn 0 degree | gripper on
17:45:41.088 > Left | servo y-axis (up) | servo turn 0 degree | gripper on
17:45:41.208 > Left | servo y-axis (up) | servo turn 0 degree | gripper on
17:45:41.328 > Right | servo y-axis (up) | servo turn 0 degree | gripper on
17:45:41.448 > Right | servo y-axis (up) | servo turn 0 degree | gripper on
17:45:41.568 > Right | servo y-axis (up) | servo turn 0 degree | gripper on
17:45:41.688 > Right | servo y-axis (up) | servo turn 0 degree | gripper on
17:45:41.808 > Right | servo y-axis (up) | servo turn 0 degree | gripper on
17:45:41.928 > Stop | servo y-axis (up) | servo turn 0 degree | gripper on
17:45:42.048 > Stop | servo y-axis (up) | servo turn 0 degree | gripper on
17:45:42.169 > Stop | servo y-axis (up) | servo turn 0 degree | gripper on
17:45:42.289 > Stop | servo y-axis (up) | servo turn 0 degree | gripper on
17:45:42.409 > Stop | servo y-axis (up) | servo turn 0 degree | gripper on
17:45:42.529 > Stop | servo y-axis (up) | servo turn 0 degree | gripper on
17:45:42.649 > Stop | servo y-axis (up) | servo turn 0 degree | gripper on
17:45:42.769 > Stop | servo y-axis (up) | servo turn 0 degree | gripper on
17:45:42.889 > Stop | servo y-axis (up) | servo turn 0 degree | gripper on
17:45:43.008 > Stop | servo y-axis (up) | servo turn 0 degree | gripper off
17:45:43.128 > Stop | servo y-axis (up) | servo turn 0 degree | gripper off
17:45:43.248 > Stop | servo y-axis (up) | servo turn 0 degree | gripper off
17:45:43.368 > Stop | servo y-axis (up) | servo turn 0 degree | gripper off
17:45:43.488 > Stop | servo y-axis (up) | servo turn 0 degree | gripper off
17:45:43.608 > Stop | servo y-axis (up) | servo turn 0 degree | gripper on
17:45:43.729 > Stop | servo y-axis (up) | servo turn 0 degree | gripper on
17:45:43.849 > Stop | servo y-axis (up) | servo turn 0 degree | gripper on
17:45:43.969 > Stop | servo y-axis (up) | servo turn 0 degree | gripper on
17:45:44.089 > Stop | servo y-axis (up) | servo turn 0 degree | gripper on
17:45:44.209 > Stop | servo y-axis (up) | servo turn 0 degree | gripper on
17:45:44.329 > Stop | servo y-axis (up) | servo turn 0 degree | gripper on
17:45:44.448 > Stop | servo y-axis (up) | servo turn 0 degree | gripper on
17:45:44.568 > Stop | servo y-axis (up) | servo turn 0 degree | gripper off
17:45:44.688 > Stop | servo y-axis (up) | servo turn 0 degree | gripper off
17:45:44.808 > Stop | servo y-axis (up) | servo turn 0 degree | gripper off
17:45:44.928 > Stop | servo y-axis (up) | servo turn 0 degree | gripper off
17:45:45.048 > Stop | servo y-axis (up) | servo turn 0 degree | gripper off
17:45:45.168 > Stop | servo y-axis (up) | servo turn 0 degree | gripper off
17:45:45.288 > Stop | servo y-axis (up) | servo turn 0 degree | gripper on
17:45:45.408 > Stop | servo y-axis (up) | servo turn 0 degree | gripper on
17:45:45.528 > Stop | servo y-axis (up) | servo turn 0 degree | gripper on
17:45:45.649 > backward | servo y-axis (up) | servo turn 0 degree | gripper on
17:45:45.768 > Stop | servo y-axis (up) | servo turn 0 degree | gripper on
17:45:45.888 > Stop | servo y-axis (up) | servo turn 0 degree | gripper off
17:45:46.008 > Stop | servo y-axis (up) | servo turn 0 degree | gripper off
17:45:46.128 > Stop | servo y-axis (up) | servo turn 0 degree | gripper off
17:45:46.248 > Stop | servo y-axis (up) | servo turn 0 degree | gripper off
17:45:46.368 > Stop | servo y-axis (up) | servo turn 0 degree | gripper on
17:45:46.489 > Stop | servo y-axis (up) | servo turn 0 degree | gripper on
17:45:46.608 > Stop | servo y-axis (up) | servo turn 0 degree | gripper on
17:45:46.729 > backward | servo y-axis (up) | servo turn 0 degree | gripper on
17:45:46.848 > Stop | servo y-axis (up) | servo turn 0 degree | gripper on
17:45:46.968 > Stop | servo y-axis (up) | servo turn 0 degree | gripper off
17:45:47.089 > Stop | servo y-axis (up) | servo turn 0 degree | gripper off
17:45:47.208 > Stop | servo y-axis (up) | servo turn 0 degree | gripper off
17:45:47.328 > Stop | servo y-axis (up) | servo turn 0 degree | gripper off
17:45:47.447 > Stop | servo y-axis (up) | servo turn 0 degree | gripper off
17:45:47.568 > Stop | servo y-axis (up) | servo turn 0 degree | gripper off
17:45:47.688 > Stop | servo y-axis (up) | servo turn 0 degree | gripper off
17:45:47.808 > Stop | servo y-axis (up) | servo turn 0 degree | gripper on
17:45:47.929 > Stop | servo y-axis (up) | servo turn 0 degree | gripper on
17:45:48.049 > backward | servo y-axis (up) | servo turn 0 degree | gripper on
17:45:48.169 > backward | servo y-axis (up) | servo turn 0 degree | gripper on
17:45:48.288 > Stop | servo y-axis (up) | servo turn 0 degree | gripper on
17:45:48.408 > Stop | servo y-axis (up) | servo turn 0 degree | gripper on
17:45:48.528 > Stop | servo y-axis (up) | servo turn 0 degree | gripper off
17:45:48.648 > Stop | servo y-axis (up) | servo turn 0 degree | gripper off
17:45:48.768 > Stop | servo y-axis (up) | servo turn 0 degree | gripper on
17:45:48.888 > Stop | servo y-axis (up) | servo turn 0 degree | gripper on
17:45:49.008 > Stop | servo y-axis (up) | servo turn 0 degree | gripper on
17:45:49.128 > Stop | servo y-axis (up) | servo turn 0 degree | gripper off
17:45:49.248 > Stop | servo y-axis (up) | servo turn 0 degree | gripper off
17:45:49.368 > Stop | servo y-axis (up) | servo turn 0 degree | gripper off
17:45:49.488 > Stop | servo y-axis (up) | servo turn 0 degree | gripper on
17:45:49.608 > Stop | servo y-axis (up) | servo turn 0 degree | gripper on
17:45:49.728 > Stop | servo y-axis (up) | servo turn 0 degree | gripper on
17:45:49.848 > Stop | servo y-axis (up) | servo turn 0 degree | gripper off
17:45:49.972 > Stop | servo y-axis (up) | servo turn 0 degree | gripper off
17:45:50.088 > Stop | servo y-axis (up) | servo turn 0 degree | gripper on
17:45:50.208 > Stop | servo y-axis (up) | servo turn 0 degree | gripper on
17:45:50.328 > Stop | servo y-axis (up) | servo turn 0 degree | gripper on
17:45:50.448 > Stop | servo y-axis (up) | servo turn 0 degree | gripper off
17:45:50.568 > Stop | servo y-axis (up) | servo turn 0 degree | gripper off
17:45:50.688 > Stop | servo y-axis (up) | servo turn 90 degree | gripper on
17:45:50.808 > Stop | servo y-axis (up) | servo turn 90 degree | gripper on
17:45:50.928 > Stop | servo y-axis (up) | servo turn 90 degree | gripper on
17:45:51.048 > Stop | servo y-axis (up) | servo turn 90 degree | gripper off
17:45:51.168 > Stop | servo y-axis (up) | servo turn 90 degree | gripper off
17:45:51.288 > Stop | servo y-axis (up) | servo turn 90 degree | gripper off
17:45:51.408 > Stop | servo y-axis (up) | servo turn 90 degree | gripper on
17:45:51.528 > Stop | servo y-axis (up) | servo turn 90 degree | gripper on
17:45:51.648 > Stop | servo y-axis (up) | servo turn 90 degree | gripper on
17:45:51.768 > Stop | servo y-axis (up) | servo turn 90 degree | gripper off
17:45:51.888 > Stop | servo y-axis (up) | servo turn 90 degree | gripper off
17:45:52.008 > Stop | servo y-axis (up) | servo turn 90 degree | gripper on
17:45:52.128 > Stop | servo y-axis (up) | servo turn 180 degree | gripper on
17:45:52.248 > Stop | servo y-axis (up) | servo turn 180 degree | gripper on
17:45:52.368 > Stop | servo y-axis (up) | servo turn 180 degree | gripper off
17:45:52.488 > Stop | servo y-axis (up) | servo turn 180 degree | gripper off
17:45:52.608 > Stop | servo y-axis (up) | servo turn 180 degree | gripper on
17:45:52.728 > Stop | servo y-axis (up) | servo turn 180 degree | gripper on
17:45:52.848 > Stop | servo y-axis (up) | servo turn 180 degree | gripper on
17:45:52.968 > Stop | servo y-axis (up) | servo turn 180 degree | gripper off
17:45:53.088 > Stop | servo y-axis (up) | servo turn 0 degree | gripper off
17:45:53.208 > Stop | servo y-axis (up) | servo turn 0 degree | gripper on
17:45:53.328 > Stop | servo y-axis (up) | servo turn 0 degree | gripper on
17:45:53.448 > Stop | servo y-axis (up) | servo turn 0 degree | gripper on
17:45:53.568 > Stop | servo y-axis (up) | servo turn 0 degree | gripper on
17:45:53.688 > Stop | servo y-axis (up) | servo turn 0 degree | gripper off
17:45:53.808 > Stop | servo y-axis (up) | servo turn 0 degree | gripper on
17:45:53.928 > Stop | servo y-axis (up) | servo turn 180 degree | gripper on
17:45:54.048 > Stop | servo y-axis (up) | servo turn 180 degree | gripper on
17:45:54.168 > Stop | servo y-axis (up) | servo turn 180 degree | gripper on
17:45:54.288 > Stop | servo y-axis (up) | servo turn 180 degree | gripper on
17:45:54.408 > Stop | servo y-axis (up) | servo turn 180 degree | gripper on
17:45:54.528 > Stop | servo y-axis (up) | servo turn 180 degree | gripper on
17:45:54.648 > Stop | servo y-axis (up) | servo turn 180 degree | gripper on
17:45:54.768 > Stop | servo y-axis (up) | servo turn 180 degree | gripper on
17:45:54.888 > Stop | servo y-axis (up) | servo turn 90 degree | gripper off
17:45:55.008 > Stop | servo y-axis (up) | servo turn 90 degree | gripper off
17:45:55.128 > Stop | servo y-axis (up) | servo turn 0 degree | gripper off
17:45:55.248 > Stop | servo y-axis (up) | servo turn 0 degree | gripper on
17:45:55.368 > Stop | servo y-axis (up) | servo turn 0 degree | gripper on
17:45:55.488 > Stop | servo y-axis (up) | servo turn 0 degree | gripper on
17:45:55.608 > Stop | servo y-axis (up) | servo turn 0 degree | gripper off
17:45:55.728 > Stop | servo y-axis (up) | servo turn 90 degree | gripper off
17:45:55.848 > Stop | servo y-axis (up) | servo turn 90 degree | gripper on
17:45:55.968 > Stop | servo y-axis (up) | servo turn 180 degree | gripper on
17:45:56.088 > Stop | servo y-axis (up) | servo turn 180 degree | gripper on
17:45:56.208 > Stop | servo y-axis (up) | servo turn 180 degree | gripper on
17:45:56.328 > Stop | servo y-axis (up) | servo turn 180 degree | gripper off
17:45:56.448 > Stop | servo y-axis (up) | servo turn 180 degree | gripper on
17:45:56.568 > Stop | servo y-axis (up) | servo turn 180 degree | gripper on
17:45:56.688 > Stop | servo y-axis (up) | servo turn 90 degree | gripper on
17:45:56.808 > Stop | servo y-axis (up) | servo turn 0 degree | gripper on
17:45:56.928 > Stop | servo y-axis (up) | servo turn 0 degree | gripper off
17:45:57.048 > Stop | servo y-axis (up) | servo turn 0 degree | gripper on
17:45:57.168 > Stop | servo y-axis (up) | servo turn 0 degree | gripper on
17:45:57.288 > Stop | servo y-axis (up) | servo turn 0 degree | gripper on
17:45:57.408 > Stop | servo y-axis (up) | servo turn 0 degree | gripper on
17:45:57.528 > Stop | servo y-axis (up) | servo turn 0 degree | gripper on
17:45:57.648 > Stop | servo y-axis (up) | servo turn 0 degree | gripper off
17:45:57.768 > Stop | servo y-axis (up) | servo turn 90 degree | gripper on
17:45:57.888 > Stop | servo y-axis (up) | servo turn 90 degree | gripper on
17:45:58.008 > Stop | servo y-axis (up) | servo turn 90 degree | gripper on
17:45:58.128 > Stop | servo y-axis (up) | servo turn 90 degree | gripper off
17:45:58.248 > Stop | servo y-axis (up) | servo turn 90 degree | gripper off
17:45:58.368 > Stop | servo y-axis (up) | servo turn 90 degree | gripper off
17:45:58.488 > Stop | servo y-axis (up) | servo turn 90 degree | gripper on
17:45:58.608 > Stop | servo y-axis (up) | servo turn 90 degree | gripper on
17:45:58.728 > Stop | servo y-axis (up) | servo turn 180 degree | gripper on
17:45:58.848 > Stop | servo y-axis (up) | servo turn 180 degree | gripper off
17:45:58.968 > Stop | servo y-axis (up) | servo turn 180 degree | gripper on
17:45:59.088 > Stop | servo y-axis (up) | servo turn 180 degree | gripper on
17:45:59.208 > Stop | servo y-axis (up) | servo turn 180 degree | gripper on
17:45:59.328 > Stop | servo y-axis (up) | servo turn 180 degree | gripper on
17:45:59.448 > Stop | servo y-axis (up) | servo turn 180 degree | gripper off
17:45:59.568 > Stop | servo y-axis (up) | servo turn 0 degree | gripper off
17:45:59.688 > Stop | servo y-axis (up) | servo turn 0 degree | gripper on
17:45:59.808 > Stop | servo y-axis (up) | servo turn 0 degree | gripper on
17:45:59.928 > Stop | servo y-axis (up) | servo turn 0 degree | gripper on
17:46:00.048 > Stop | servo y-axis (up) | servo turn 0 degree | gripper off
17:46:00.168 > Stop | servo y-axis (up) | servo turn 0 degree | gripper off
17:46:00.288 > Stop | servo y-axis (up) | servo turn 0 degree | gripper off
17:46:00.408 > Stop | servo y-axis (up) | servo turn 90 degree | gripper on
17:46:00.528 > Stop | servo y-axis (up) | servo turn 90 degree | gripper on
17:46:00.648 > Stop | servo y-axis (up) | servo turn 180 degree | gripper on
17:46:00.768 > Stop | servo y-axis (up) | servo turn 180 degree | gripper off
17:46:00.888 > Stop | servo y-axis (up) | servo turn 180 degree | gripper on
17:46:01.008 > Stop | servo y-axis (up) | servo turn 180 degree | gripper on
17:46:01.128 > Stop | servo y-axis (up) | servo turn 90 degree | gripper on
17:46:01.248 > Stop | servo y-axis (up) | servo turn 0 degree | gripper on
17:46:01.368 > Stop | servo y-axis (up) | servo turn 0 degree | gripper off
17:46:01.488 > Stop | servo y-axis (up) | servo turn 0 degree | gripper off
17:46:01.608 > Stop | servo y-axis (up) | servo turn 0 degree | gripper off
17:46:01.728 > Stop | servo y-axis (up) | servo turn 0 degree | gripper on
17:46:01.848 > Stop | servo y-axis (up) | servo turn 90 degree | gripper on
17:46:01.968 > Stop | servo y-axis (up) | servo turn 90 degree | gripper on
17:46:02.088 > Stop | servo y-axis (up) | servo turn 180 degree | gripper off
17:46:02.208 > Stop | servo y-axis (up) | servo turn 180 degree | gripper off
17:46:02.328 > Stop | servo y-axis (up) | servo turn 180 degree | gripper on
17:46:02.448 > Stop | servo y-axis (up) | servo turn 180 degree | gripper on
17:46:02.568 > Stop | servo y-axis (up) | servo turn 180 degree | gripper on
17:46:02.688 > Stop | servo y-axis (up) | servo turn 0 degree | gripper on
17:46:02.808 > Stop | servo y-axis (up) | servo turn 0 degree | gripper on
17:46:02.928 > Stop | servo y-axis (up) | servo turn 0 degree | gripper on
17:46:03.048 > Stop | servo y-axis (up) | servo turn 0 degree | gripper on
17:46:03.168 > Stop | servo y-axis (up) | servo turn 90 degree | gripper on
17:46:03.288 > Stop | servo y-axis (up) | servo turn 90 degree | gripper off
17:46:03.408 > Stop | servo y-axis (up) | servo turn 90 degree | gripper off
17:46:03.528 > Stop | servo y-axis (up) | servo turn 180 degree | gripper off
17:46:03.648 > Stop | servo y-axis (up) | servo turn 180 degree | gripper on
17:46:03.768 > Stop | servo y-axis (up) | servo turn 180 degree | gripper on
17:46:03.888 > Stop | servo y-axis (up) | servo turn 0 degree | gripper on
17:46:04.008 > Stop | servo y-axis (up) | servo turn 0 degree | gripper off
17:46:04.128 > Stop | servo y-axis (up) | servo turn 0 degree | gripper on
17:46:04.248 > Stop | servo y-axis (up) | servo turn 90 degree | gripper on
17:46:04.368 > Stop | servo y-axis (up) | servo turn 90 degree | gripper on
17:46:04.488 > Stop | servo y-axis (up) | servo turn 90 degree | gripper on
17:46:04.608 > Stop | servo y-axis (up) | servo turn 180 degree | gripper off
17:46:04.727 > Stop | servo y-axis (up) | servo turn 180 degree | gripper on
17:46:04.848 > Stop | servo y-axis (up) | servo turn 180 degree | gripper on
17:46:04.968 > Stop | servo y-axis (up) | servo turn 0 degree | gripper on
17:46:05.088 > Stop | servo y-axis (up) | servo turn 0 degree | gripper on
17:46:05.208 > Stop | servo y-axis (up) | servo turn 0 degree | gripper off
17:46:05.328 > Stop | servo y-axis (up) | servo turn 0 degree | gripper off
17:46:05.448 > Stop | servo y-axis (up) | servo turn 0 degree | gripper on
17:46:05.568 > Stop | servo y-axis (up) | servo turn 0 degree | gripper on
17:46:05.688 > Stop | servo y-axis (up) | servo turn 0 degree | gripper on
17:46:05.808 > Stop | servo y-axis (up) | servo turn 0 degree | gripper on
17:46:05.928 > Stop | servo y-axis (up) | servo turn 0 degree | gripper off
17:46:06.048 > Stop | servo y-axis (up) | servo turn 90 degree | gripper off
17:46:06.168 > Stop | servo y-axis (up) | servo turn 90 degree | gripper on
17:46:06.288 > Stop | servo y-axis (up) | servo turn 90 degree | gripper on
17:46:06.408 > Stop | servo y-axis (up) | servo turn 180 degree | gripper on
17:46:06.527 > Stop | servo y-axis (up) | servo turn 180 degree | gripper on
17:46:06.648 > Stop | servo y-axis (up) | servo turn 180 degree | gripper on
17:46:06.768 > Stop | servo y-axis (up) | servo turn 90 degree | gripper off
17:46:06.888 > Stop | servo y-axis (up) | servo turn 0 degree | gripper on
17:46:07.008 > Stop | servo y-axis (up) | servo turn 0 degree | gripper on
17:46:07.128 > Stop | servo y-axis (up) | servo turn 0 degree | gripper on
17:46:07.248 > Stop | servo y-axis (up) | servo turn 0 degree | gripper off
17:46:07.368 > Stop | servo y-axis (up) | servo turn 0 degree | gripper off
17:46:07.488 > Stop | servo y-axis (up) | servo turn 0 degree | gripper on
17:46:07.608 > Stop | servo y-axis (up) | servo turn 0 degree | gripper on
17:46:07.728 > Stop | servo y-axis (up) | servo turn 0 degree | gripper on
17:46:07.848 > Stop | servo y-axis (up) | servo turn 0 degree | gripper off
17:46:07.968 > Stop | servo y-axis (up) | servo turn 0 degree | gripper on
17:46:08.087 > Stop | servo y-axis (up) | servo turn 0 degree | gripper on
17:46:08.208 > Stop | servo y-axis (up) | servo turn 0 degree | gripper on
17:46:08.328 > Stop | servo y-axis (up) | servo turn 0 degree | gripper on
17:46:08.448 > Stop | servo y-axis (up) | servo turn 0 degree | gripper off
17:46:08.568 > Stop | servo y-axis (up) | servo turn 0 degree | gripper off
17:46:08.688 > Stop | servo y-axis (up) | servo turn 0 degree | gripper on
17:46:08.808 > Stop | servo y-axis (up) | servo turn 0 degree | gripper on
17:46:08.928 > Stop | servo y-axis (up) | servo turn 0 degree | gripper on
17:46:09.048 > Stop | servo y-axis (up) | servo turn 0 degree | gripper on
17:46:09.168 > Stop | servo y-axis (up) | servo turn 0 degree | gripper off
17:46:09.288 > Stop | servo y-axis (up) | servo turn 0 degree | gripper off
17:46:09.408 > Stop | servo y-axis (up) | servo turn 0 degree | gripper on
17:46:09.527 > Stop | servo y-axis (up) | servo turn 0 degree | gripper on
17:46:09.648 > Stop | servo y-axis (up) | servo turn 0 degree | gripper on
17:46:09.768 > Stop | servo y-axis (up) | servo turn 0 degree | gripper off
17:46:09.888 > Stop | servo y-axis (up) | servo turn 0 degree | gripper on
17:46:10.008 > Stop | servo y-axis (up) | servo turn 0 degree | gripper off
17:46:10.128 > Stop | servo y-axis (up) | servo turn 0 degree | gripper on
17:46:10.248 > Stop | servo y-axis (up) | servo turn 0 degree | gripper on
17:46:10.368 > Stop | servo y-axis (up) | servo turn 0 degree | gripper off
17:46:10.488 > Stop | servo y-axis (up) | servo turn 0 degree | gripper off
17:46:10.607 > Stop | servo y-axis (up) | servo turn 0 degree | gripper on
17:46:10.728 > Stop | servo y-axis (up) | servo turn 0 degree | gripper on
17:46:10.848 > Stop | servo y-axis (up) | servo turn 0 degree | gripper on
17:46:10.972 > Stop | servo y-axis (up) | servo turn 0 degree | gripper on
17:46:11.087 > Stop | servo y-axis (up) | servo turn 0 degree | gripper off
17:46:11.208 > Stop | servo y-axis (up) | servo turn 0 degree | gripper off
17:46:11.327 > Stop | servo y-axis (up) | servo turn 0 degree | gripper on
17:46:11.448 > Stop | servo y-axis (up) | servo turn 0 degree | gripper on
17:46:11.568 > Stop | servo y-axis (up) | servo turn 0 degree | gripper on
17:46:11.688 > Stop | servo y-axis (up) | servo turn 0 degree | gripper off
17:46:11.807 > Stop | servo y-axis (up) | servo turn 0 degree | gripper on
17:46:11.927 > Stop | servo y-axis (up) | servo turn 0 degree | gripper off
17:46:12.048 > Stop | servo y-axis (up) | servo turn 0 degree | gripper on
17:46:12.168 > Stop | servo y-axis (up) | servo turn 0 degree | gripper on
17:46:12.288 > Stop | servo y-axis (up) | servo turn 0 degree | gripper on
17:46:12.408 > Stop | servo y-axis (up) | servo turn 0 degree | gripper off
17:46:12.527 > Stop | servo y-axis (up) | servo turn 0 degree | gripper on
17:46:12.648 > Stop | servo y-axis (up) | servo turn 0 degree | gripper on
17:46:12.768 > Stop | servo y-axis (up) | servo turn 0 degree | gripper on
17:46:12.888 > Stop | servo y-axis (up) | servo turn 0 degree | gripper on
17:46:13.007 > Stop | servo y-axis (up) | servo turn 0 degree | gripper on
17:46:13.128 > Stop | servo y-axis (up) | servo turn 0 degree | gripper off
17:46:13.248 > Stop | servo y-axis (up) | servo turn 0 degree | gripper on
17:46:13.368 > Stop | servo y-axis (up) | servo turn 0 degree | gripper on
17:46:13.487 > Stop | servo y-axis (up) | servo turn 0 degree | gripper on
17:46:13.607 > Stop | servo y-axis (up) | servo turn 0 degree | gripper off
17:46:13.727 > Stop | servo y-axis (up) | servo turn 0 degree | gripper on
17:46:13.848 > Stop | servo y-axis (up) | servo turn 0 degree | gripper off
17:46:13.968 > Stop | servo y-axis (up) | servo turn 0 degree | gripper on
17:46:14.088 > Stop | servo y-axis (up) | servo turn 0 degree | gripper on
17:46:14.207 > Stop | servo y-axis (up) | servo turn 0 degree | gripper on
17:46:14.327 > Stop | servo y-axis (up) | servo turn 0 degree | gripper on
17:46:14.448 > Left | servo y-axis (up) | servo turn 0 degree | gripper off
17:46:14.568 > Left | servo y-axis (up) | servo turn 0 degree | gripper on
17:46:14.687 > Left | servo y-axis (up) | servo turn 0 degree | gripper on
17:46:14.807 > Stop |  | servo turn 0 degree | gripper on
17:46:14.927 > Stop |  | servo turn 0 degree | gripper off
17:46:15.047 > Stop |  | servo turn 0 degree | gripper off
17:46:15.167 > Stop |  | servo turn 0 degree | gripper off
17:46:15.288 > Stop |  | servo turn 0 degree | gripper on
17:46:15.407 > Stop |  | servo turn 0 degree | gripper on
17:46:15.527 > Stop | servo y-axis (up) | servo turn 0 degree | gripper off
17:46:15.647 > Stop | servo y-axis (up) | servo turn 0 degree | gripper off
17:46:15.767 > Stop | servo y-axis (up) | servo turn 0 degree | gripper on
17:46:15.888 > Stop |  | servo turn 0 degree | gripper on
17:46:16.007 > Stop |  | servo turn 0 degree | gripper on
17:46:16.127 > Stop |  | servo turn 0 degree | gripper on
17:46:16.248 > Stop | servo y-axis (up) | servo turn 0 degree | gripper on
17:46:16.367 > Stop | servo y-axis (up) | servo turn 0 degree | gripper off
17:46:16.487 > Stop | servo y-axis (up) | servo turn 0 degree | gripper on
17:46:16.607 > Stop |  | servo turn 0 degree | gripper on
17:46:16.727 > Stop |  | servo turn 0 degree | gripper on
17:46:16.847 > Stop |  | servo turn 0 degree | gripper off
17:46:16.967 > Stop | servo y-axis (up) | servo turn 0 degree | gripper off
17:46:17.087 > Stop | servo y-axis (up) | servo turn 0 degree | gripper on
17:46:17.207 > Stop |  | servo turn 0 degree | gripper on
17:46:17.327 > Stop |  | servo turn 0 degree | gripper on
17:46:17.447 > Stop |  | servo turn 0 degree | gripper on
17:46:17.567 > Stop | servo y-axis (up) | servo turn 0 degree | gripper off
17:46:17.687 > Stop | servo y-axis (up) | servo turn 0 degree | gripper on
17:46:17.807 > Stop | servo y-axis (up) | servo turn 0 degree | gripper on
17:46:17.927 > Stop |  | servo turn 0 degree | gripper on
17:46:18.047 > Stop |  | servo turn 0 degree | gripper on
17:46:18.167 > Stop | servo y-axis (up) | servo turn 0 degree | gripper on
17:46:18.287 > Stop | servo y-axis (up) | servo turn 0 degree | gripper off
17:46:18.407 > Stop | servo y-axis (up) | servo turn 0 degree | gripper on
17:46:18.527 > Stop | servo y-axis (up) | servo turn 0 degree | gripper on
17:46:18.647 > Stop | servo y-axis (up) | servo turn 0 degree | gripper on
17:46:18.767 > Stop | servo y-axis (up) | servo turn 0 degree | gripper off
17:46:18.887 > Stop | servo y-axis (up) | servo turn 0 degree | gripper off
17:46:19.007 > Stop | servo y-axis (up) | servo turn 0 degree | gripper off
17:46:19.127 > Stop | servo y-axis (up) | servo turn 0 degree | gripper on
17:46:19.247 > Stop | servo y-axis (up) | servo turn 0 degree | gripper on
17:46:19.367 > Stop | servo y-axis (up) | servo turn 0 degree | gripper on
17:46:19.487 > Stop | servo y-axis (up) | servo turn 0 degree | gripper on
17:46:19.607 > Stop | servo y-axis (up) | servo turn 0 degree | gripper on
17:46:19.727 > Stop | servo y-axis (up) | servo turn 0 degree | gripper on
17:46:19.847 > Stop | servo y-axis (up) | servo turn 0 degree | gripper on
17:46:19.967 > Stop | servo y-axis (up) | servo turn 0 degree | gripper on
17:46:20.087 > Stop | servo y-axis (up) | servo turn 0 degree | gripper on
17:46:20.207 > Stop | servo y-axis (up) | servo turn 0 degree | gripper on
17:46:20.327 > Right |  | servo turn 0 degree | gripper on
17:46:20.447 > Right |  | servo turn 0 degree | gripper on
17:46:20.567 > Right | servo y-axis (down) | servo turn 0 degree | gripper on
17:46:20.687 > Right | servo y-axis (down) | servo turn 0 degree | gripper on
17:46:20.807 > Right | servo y-axis (down) | servo turn 0 degree | gripper on
17:46:20.927 > Right | servo y-axis (down) | servo turn 0 degree | gripper on
17:46:21.047 > Right | servo y-axis (down) | servo turn 0 degree | gripper on
17:46:21.167 > Right | servo y-axis (down) | servo turn 0 degree | gripper on
17:46:21.287 > Right | servo y-axis (down) | servo turn 0 degree | gripper on
17:46:21.407 > Stop | servo y-axis (down) | servo turn 0 degree | gripper on
17:46:21.527 > Stop | servo y-axis (down) | servo turn 0 degree | gripper on
17:46:21.647 > Stop | servo y-axis (down) | servo turn 0 degree | gripper on
17:46:21.767 > Stop | servo y-axis (down) | servo turn 0 degree | gripper on
17:46:21.887 > Stop | servo y-axis (down) | servo turn 0 degree | gripper on
17:46:22.007 > Stop | servo y-axis (down) | servo turn 0 degree | gripper on
17:46:22.127 > Stop | servo y-axis (down) | servo turn 0 degree | gripper on
17:46:22.247 > Stop | servo y-axis (down) | servo turn 0 degree | gripper on
17:46:22.367 > Stop | servo y-axis (up) | servo turn 0 degree | gripper on
17:46:22.487 > Stop | servo y-axis (up) | servo turn 0 degree | gripper on
17:46:22.607 > Stop | servo y-axis (up) | servo turn 0 degree | gripper on
17:46:22.727 > Stop | servo y-axis (up) | servo turn 0 degree | gripper on
17:46:22.847 > Stop | servo y-axis (up) | servo turn 0 degree | gripper on
17:46:22.967 > Stop | servo y-axis (up) | servo turn 0 degree | gripper on
17:46:23.087 > Stop | servo y-axis (up) | servo turn 0 degree | gripper on
17:46:23.207 > Stop | servo y-axis (up) | servo turn 0 degree | gripper on
17:46:23.327 > Stop | servo y-axis (up) | servo turn 0 degree | gripper on
17:46:23.447 > Stop | servo y-axis (up) | servo turn 0 degree | gripper on
17:46:23.567 > Stop | servo y-axis (up) | servo turn 0 degree | gripper on
17:46:23.687 > Stop | servo y-axis (up) | servo turn 0 degree | gripper on
17:46:23.807 > Stop | servo y-axis (up) | servo turn 0 degree | gripper on
17:46:23.927 > Stop | servo y-axis (up) | servo turn 0 degree | gripper on
17:46:24.047 > Stop | servo y-axis (up) | servo turn 0 degree | gripper on
17:46:24.167 > Stop | servo y-axis (up) | servo turn 0 degree | gripper on
17:46:24.287 > Stop | servo y-axis (up) | servo turn 0 degree | gripper on
17:46:24.407 > Stop | servo y-axis (up) | servo turn 0 degree | gripper on
17:46:24.527 > Stop | servo y-axis (up) | servo turn 0 degree | gripper on
17:46:24.647 > Stop | servo y-axis (up) | servo turn 0 degree | gripper on
17:46:24.767 > Stop | servo y-axis (up) | servo turn 0 degree | gripper on
17:46:24.887 > Stop | servo y-axis (up) | servo turn 0 degree | gripper on
17:46:25.007 > Stop | servo y-axis (up) | servo turn 0 degree | gripper on
17:46:25.127 > Stop | servo y-axis (up) | servo turn 0 degree | gripper on
17:46:25.247 > Stop | servo y-axis (up) | servo turn 0 degree | gripper on
17:46:25.367 > Stop | servo y-axis (up) | servo turn 0 degree | gripper on
17:46:25.487 > Stop | servo y-axis (up) | servo turn 0 degree | gripper on
17:46:25.607 > Stop | servo y-axis (down) | servo turn 0 degree | gripper on
17:46:25.727 > Stop | servo y-axis (down) | servo turn 0 degree | gripper on
17:46:25.847 > Stop | servo y-axis (down) | servo turn 0 degree | gripper on
17:46:25.967 > Stop | servo y-axis (down) | servo turn 0 degree | gripper on
17:46:26.087 > Stop | servo y-axis (down) | servo turn 0 degree | gripper on
17:46:26.207 > Stop | servo y-axis (down) | servo turn 0 degree | gripper on
17:46:26.327 > Stop | servo y-axis (down) | servo turn 0 degree | gripper on
17:46:26.447 > Stop | servo y-axis (down) | servo turn 0 degree | gripper on
17:46:26.567 > Stop | servo y-axis (down) | servo turn 0 degree | gripper on
17:46:26.687 > Stop | servo y-axis (down) | servo turn 0 degree | gripper on
17:46:26.807 > Stop | servo y-axis (down) | servo turn 0 degree | gripper on
17:46:26.927 > Stop | servo y-axis (up) | servo turn 0 degree | gripper on
17:46:27.047 > Stop | servo y-axis (up) | servo turn 0 degree | gripper on
17:46:27.167 > Stop | servo y-axis (up) | servo turn 0 degree | gripper on
17:46:27.287 > Stop | servo y-axis (up) | servo turn 0 degree | gripper on
17:46:27.407 > Stop | servo y-axis (up) | servo turn 0 degree | gripper on
17:46:27.527 > Stop | servo y-axis (up) | servo turn 0 degree | gripper on
17:46:27.647 > Stop | servo y-axis (up) | servo turn 0 degree | gripper on
17:46:27.767 > Stop | servo y-axis (up) | servo turn 0 degree | gripper on
17:46:27.887 > Stop | servo y-axis (up) | servo turn 0 degree | gripper on
17:46:28.007 > Right | servo y-axis (up) | servo turn 0 degree | gripper on
17:46:28.127 > Right | servo y-axis (down) | servo turn 0 degree | gripper on
17:46:28.247 > Right | servo y-axis (down) | servo turn 0 degree | gripper on
17:46:28.367 > Right | servo y-axis (down) | servo turn 0 degree | gripper on
17:46:28.487 > Right | servo y-axis (down) | servo turn 0 degree | gripper on
17:46:28.607 > Right | servo y-axis (down) | servo turn 0 degree | gripper on
17:46:28.727 > Right | servo y-axis (down) | servo turn 0 degree | gripper on
17:46:28.847 > Right | servo y-axis (down) | servo turn 0 degree | gripper on
17:46:28.970 > Right | servo y-axis (down) | servo turn 0 degree | gripper on
17:46:29.087 > Right | servo y-axis (down) | servo turn 0 degree | gripper on
17:46:29.207 > Stop | servo y-axis (down) | servo turn 0 degree | gripper on
17:46:29.327 > Stop | servo y-axis (down) | servo turn 0 degree | gripper on
17:46:29.447 > Left | servo y-axis (down) | servo turn 0 degree | gripper on
17:46:29.567 > Stop | servo y-axis (down) | servo turn 0 degree | gripper on
17:46:29.687 > Left | servo y-axis (up) | servo turn 0 degree | gripper on
17:46:29.807 > Stop | servo y-axis (up) | servo turn 0 degree | gripper on
17:46:29.927 > Stop | servo y-axis (up) | servo turn 0 degree | gripper on
17:46:30.047 > Stop | servo y-axis (up) | servo turn 0 degree | gripper on
17:46:30.167 > Stop | servo y-axis (up) | servo turn 0 degree | gripper on
17:46:30.287 > Stop | servo y-axis (up) | servo turn 0 degree | gripper on
17:46:30.407 > Stop | servo y-axis (up) | servo turn 0 degree | gripper on
17:46:30.527 > Stop | servo y-axis (up) | servo turn 0 degree | gripper on
17:46:30.647 > Stop | servo y-axis (up) | servo turn 0 degree | gripper on
17:46:30.767 > Stop | servo y-axis (up) | servo turn 0 degree | gripper on
17:46:30.887 > Stop | servo y-axis (up) | servo turn 0 degree | gripper on
17:46:31.007 > Stop | servo y-axis (up) | servo turn 0 degree | gripper on
17:46:31.127 > Left | servo y-axis (up) | servo turn 0 degree | gripper on
17:46:31.247 > Left | servo y-axis (up) | servo turn 0 degree | gripper on
17:46:31.367 > Stop | servo y-axis (up) | servo turn 0 degree | gripper on
17:46:31.487 > Stop | servo y-axis (up) | servo turn 0 degree | gripper on
17:46:31.607 > Stop | servo y-axis (up) | servo turn 0 degree | gripper on
17:46:31.727 > Stop | servo y-axis (up) | servo turn 0 degree | gripper on
17:46:31.847 > Stop | servo y-axis (up) | servo turn 0 degree | gripper on
17:46:31.967 > Stop | servo y-axis (up) | servo turn 0 degree | gripper on
17:46:32.087 > Stop | servo y-axis (up) | servo turn 0 degree | gripper on
17:46:32.207 > Stop | servo y-axis (up) | servo turn 0 degree | gripper on
17:46:32.327 > Stop | servo y-axis (up) | servo turn 0 degree | gripper on
17:46:32.447 > Stop | servo y-axis (up) | servo turn 0 degree | gripper on
17:46:32.567 > Stop | servo y-axis (up) | servo turn 0 degree | gripper on
17:46:32.687 > Stop | servo y-axis (up) | servo turn 0 degree | gripper on
17:46:32.807 > Stop | servo y-axis (up) | servo turn 0 degree | gripper on
17:46:32.927 > Stop | servo y-axis (up) | servo turn 0 degree | gripper on
17:46:33.047 > Stop | servo y-axis (up) | servo turn 0 degree | gripper on
17:46:33.167 > Stop | servo y-axis (up) | servo turn 0 degree | gripper on
17:46:33.287 > Stop | servo y-axis (up) | servo turn 0 degree | gripper on
17:46:33.407 > Stop | servo y-axis (up) | servo turn 0 degree | gripper on
17:46:33.527 > Stop | servo y-axis (up) | servo turn 0 degree | gripper on
17:46:33.647 > Stop | servo y-axis (up) | servo turn 0 degree | gripper on
17:46:33.767 > Stop | servo y-axis (up) | servo turn 0 degree | gripper on
17:46:33.887 > Stop | servo y-axis (up) | servo turn 0 degree | gripper on
17:46:34.007 > Stop | servo y-axis (up) | servo turn 0 degree | gripper on
17:46:34.127 > Stop | servo y-axis (up) | servo turn 0 degree | gripper on
17:46:34.247 > Stop | servo y-axis (up) | servo turn 0 degree | gripper on
17:46:34.367 > Stop | servo y-axis (up) | servo turn 0 degree | gripper on
17:46:34.487 > Stop | servo y-axis (up) | servo turn 0 degree | gripper on
17:46:34.607 > Stop | servo y-axis (up) | servo turn 0 degree | gripper on
17:46:34.727 > Stop | servo y-axis (up) | servo turn 0 degree | gripper on
17:46:34.847 > Stop | servo y-axis (up) | servo turn 0 degree | gripper on
17:46:34.967 > forward | servo y-axis (up) | servo turn 0 degree | gripper on
17:46:35.087 > forward | servo y-axis (up) | servo turn 0 degree | gripper on
17:46:35.207 > forward | servo y-axis (up) | servo turn 0 degree | gripper on
17:46:35.327 > forward | servo y-axis (up) | servo turn 0 degree | gripper on
17:46:35.447 > forward | servo y-axis (up) | servo turn 0 degree | gripper on
17:46:35.567 > forward | servo y-axis (up) | servo turn 0 degree | gripper on
17:46:35.687 > forward | servo y-axis (up) | servo turn 0 degree | gripper on
17:46:35.807 > forward | servo y-axis (up) | servo turn 0 degree | gripper on
17:46:35.927 > forward | servo y-axis (up) | servo turn 0 degree | gripper on
17:46:36.047 > forward | servo y-axis (up) | servo turn 0 degree | gripper on
17:46:36.167 > forward | servo y-axis (up) | servo turn 0 degree | gripper on
17:46:36.287 > forward | servo y-axis (up) | servo turn 0 degree | gripper on
17:46:36.407 > Stop | servo y-axis (up) | servo turn 0 degree | gripper on
17:46:36.527 > Stop | servo y-axis (up) | servo turn 0 degree | gripper on
17:46:36.647 > Stop | servo y-axis (up) | servo turn 0 degree | gripper on
17:46:36.767 > Stop | servo y-axis (up) | servo turn 0 degree | gripper on
17:46:36.887 > forward | servo y-axis (up) | servo turn 0 degree | gripper on
17:46:37.007 > forward | servo y-axis (up) | servo turn 0 degree | gripper off
17:46:37.127 > forward | servo y-axis (up) | servo turn 0 degree | gripper off
17:46:37.247 > forward | servo y-axis (up) | servo turn 0 degree | gripper on
17:46:37.367 > forward | servo y-axis (up) | servo turn 0 degree | gripper on
17:46:37.487 > forward | servo y-axis (up) | servo turn 0 degree | gripper on
17:46:37.607 > forward | servo y-axis (up) | servo turn 0 degree | gripper on
17:46:37.727 > forward | servo y-axis (up) | servo turn 0 degree | gripper on
17:46:37.847 > Stop | servo y-axis (up) | servo turn 0 degree | gripper on
17:46:37.967 > Stop | servo y-axis (up) | servo turn 0 degree | gripper on
17:46:38.087 > forward | servo y-axis (up) | servo turn 0 degree | gripper on
17:46:38.207 > forward | servo y-axis (up) | servo turn 0 degree | gripper on
17:46:38.327 > forward | servo y-axis (up) | servo turn 0 degree | gripper off
17:46:38.447 > forward | servo y-axis (up) | servo turn 0 degree | gripper on
17:46:38.567 > forward | servo y-axis (up) | servo turn 0 degree | gripper on
17:46:38.687 > forward | servo y-axis (up) | servo turn 0 degree | gripper on
17:46:38.807 > forward | servo y-axis (up) | servo turn 0 degree | gripper on
17:46:38.927 > forward | servo y-axis (up) | servo turn 0 degree | gripper on
17:46:39.047 > forward | servo y-axis (up) | servo turn 0 degree | gripper on
17:46:39.167 > forward | servo y-axis (up) | servo turn 0 degree | gripper on
17:46:39.287 > forward | servo y-axis (up) | servo turn 0 degree | gripper on
17:46:39.407 > forward | servo y-axis (up) | servo turn 0 degree | gripper on
17:46:39.527 > forward | servo y-axis (up) | servo turn 0 degree | gripper on
17:46:39.647 > forward | servo y-axis (up) | servo turn 0 degree | gripper on
17:46:39.767 > forward | servo y-axis (up) | servo turn 0 degree | gripper on
17:46:39.887 > Stop | servo y-axis (up) | servo turn 0 degree | gripper on
17:46:40.007 > Stop | servo y-axis (up) | servo turn 0 degree | gripper on
17:46:40.127 > Stop | servo y-axis (up) | servo turn 0 degree | gripper on
17:46:40.247 > Stop | servo y-axis (up) | servo turn 0 degree | gripper on
17:46:40.367 > Stop | servo y-axis (up) | servo turn 0 degree | gripper on
17:46:40.487 > Stop | servo y-axis (up) | servo turn 0 degree | gripper on
17:46:40.607 > Stop | servo y-axis (up) | servo turn 0 degree | gripper on
17:46:40.727 > Stop | servo y-axis (up) | servo turn 0 degree | gripper on
17:46:40.847 > Stop | servo y-axis (up) | servo turn 0 degree | gripper on
17:46:40.967 > Stop | servo y-axis (up) | servo turn 0 degree | gripper on
17:46:41.087 > Stop | servo y-axis (up) | servo turn 0 degree | gripper on
17:46:41.207 > Stop | servo y-axis (up) | servo turn 0 degree | gripper on
17:46:41.327 > Stop | servo y-axis (up) | servo turn 0 degree | gripper on
17:46:41.447 > Stop | servo y-axis (up) | servo turn 0 degree | gripper on
17:46:41.567 > Stop | servo y-axis (up) | servo turn 0 degree | gripper on
17:46:41.687 > Stop | servo y-axis (up) | servo turn 0 degree | gripper on
17:46:41.807 > Stop | servo y-axis (up) | servo turn 0 degree | gripper on
17:46:41.927 > Stop | servo y-axis (up) | servo turn 0 degree | gripper on
17:46:42.047 > Stop | servo y-axis (up) | servo turn 0 degree | gripper on
17:46:42.167 > Stop | servo y-axis (up) | servo turn 0 degree | gripper on
17:46:42.287 > Stop | servo y-axis (up) | servo turn 0 degree | gripper on
17:46:42.407 > Stop | servo y-axis (up) | servo turn 0 degree | gripper on
17:46:42.527 > Stop | servo y-axis (up) | servo turn 0 degree | gripper on
17:46:42.646 > Stop | servo y-axis (up) | servo turn 0 degree | gripper on
17:46:42.767 > Stop | servo y-axis (up) | servo turn 0 degree | gripper on
17:46:42.887 > Stop | servo y-axis (up) | servo turn 0 degree | gripper on
17:46:43.007 > Stop | servo y-axis (up) | servo turn 0 degree | gripper on
17:46:43.127 > Stop | servo y-axis (up) | servo turn 0 degree | gripper on
17:46:43.247 > Stop | servo y-axis (up) | servo turn 0 degree | gripper on
17:46:43.367 > Stop | servo y-axis (up) | servo turn 0 degree | gripper on
17:46:43.487 > Stop | servo y-axis (up) | servo turn 0 degree | gripper on
17:46:43.607 > Stop | servo y-axis (up) | servo turn 0 degree | gripper on
17:46:43.727 > Stop | servo y-axis (up) | servo turn 0 degree | gripper on
17:46:43.847 > Stop | servo y-axis (up) | servo turn 0 degree | gripper on
17:46:43.967 > Stop | servo y-axis (up) | servo turn 0 degree | gripper on
17:46:44.087 > Stop | servo y-axis (up) | servo turn 0 degree | gripper on
17:46:44.206 > Stop | servo y-axis (up) | servo turn 0 degree | gripper on
17:46:44.327 > Stop | servo y-axis (up) | servo turn 0 degree | gripper on
17:46:44.446 > Stop | servo y-axis (up) | servo turn 0 degree | gripper on
17:46:44.566 > Stop | servo y-axis (up) | servo turn 0 degree | gripper on
17:46:44.687 > Stop | servo y-axis (up) | servo turn 0 degree | gripper on
17:46:44.807 > Stop | servo y-axis (up) | servo turn 0 degree | gripper on
17:46:44.927 > Stop | servo y-axis (up) | servo turn 0 degree | gripper on
17:46:45.047 > Stop | servo y-axis (up) | servo turn 0 degree | gripper on
17:46:45.167 > Stop | servo y-axis (up) | servo turn 0 degree | gripper on
17:46:45.287 > Stop | servo y-axis (up) | servo turn 0 degree | gripper on
17:46:45.407 > Stop | servo y-axis (up) | servo turn 0 degree | gripper on
17:46:45.526 > Stop | servo y-axis (up) | servo turn 0 degree | gripper on
17:46:45.646 > Stop | servo y-axis (up) | servo turn 0 degree | gripper on
17:46:45.767 > Stop | servo y-axis (up) | servo turn 0 degree | gripper on
17:46:45.887 > Stop | servo y-axis (up) | servo turn 0 degree | gripper on
17:46:46.007 > Stop | servo y-axis (up) | servo turn 0 degree | gripper on
17:46:46.127 > Stop | servo y-axis (up) | servo turn 0 degree | gripper on
17:46:46.247 > Stop | servo y-axis (up) | servo turn 0 degree | gripper on
17:46:46.367 > Stop | servo y-axis (up) | servo turn 0 degree | gripper on
17:46:46.486 > Stop | servo y-axis (up) | servo turn 0 degree | gripper on
17:46:46.606 > Stop | servo y-axis (up) | servo turn 0 degree | gripper on
17:46:46.726 > Stop | servo y-axis (up) | servo turn 0 degree | gripper on
17:46:46.847 > Stop | servo y-axis (up) | servo turn 0 degree | gripper on
17:46:46.966 > Stop | servo y-axis (up) | servo turn 0 degree | gripper on
17:46:47.086 > Stop | servo y-axis (up) | servo turn 0 degree | gripper on
17:46:47.207 > Stop | servo y-axis (up) | servo turn 0 degree | gripper on
17:46:47.327 > Stop | servo y-axis (up) | servo turn 0 degree | gripper on
17:46:47.447 > Stop | servo y-axis (up) | servo turn 0 degree | gripper on
17:46:47.567 > Stop | servo y-axis (up) | servo turn 0 degree | gripper on
17:46:47.687 > Stop | servo y-axis (up) | servo turn 0 degree | gripper on
17:46:47.806 > Stop | servo y-axis (up) | servo turn 0 degree | gripper on
17:46:47.926 > Stop | servo y-axis (up) | servo turn 0 degree | gripper on
17:46:48.046 > Stop | servo y-axis (up) | servo turn 0 degree | gripper on
17:46:48.166 > Stop | servo y-axis (up) | servo turn 0 degree | gripper on
17:46:48.286 > Stop | servo y-axis (up) | servo turn 0 degree | gripper on
17:46:48.406 > Stop | servo y-axis (up) | servo turn 0 degree | gripper on
17:46:48.526 > Stop | servo y-axis (up) | servo turn 0 degree | gripper on
17:46:48.646 > Stop | servo y-axis (up) | servo turn 0 degree | gripper on
17:46:48.766 > Stop | servo y-axis (up) | servo turn 0 degree | gripper on
17:46:48.886 > Stop | servo y-axis (up) | servo turn 0 degree | gripper on
17:46:49.006 > Stop | servo y-axis (up) | servo turn 0 degree | gripper on
17:46:49.126 > Stop | servo y-axis (up) | servo turn 0 degree | gripper on
17:46:49.246 > Stop | servo y-axis (up) | servo turn 0 degree | gripper on
17:46:49.366 > Stop | servo y-axis (up) | servo turn 0 degree | gripper on
17:46:49.486 > Stop | servo y-axis (up) | servo turn 0 degree | gripper on
17:46:49.606 > Stop | servo y-axis (up) | servo turn 0 degree | gripper on
17:46:49.726 > Stop | servo y-axis (up) | servo turn 0 degree | gripper on
17:46:49.846 > Stop | servo y-axis (up) | servo turn 0 degree | gripper on
17:46:49.966 > Stop | servo y-axis (up) | servo turn 0 degree | gripper on
17:46:50.086 > Stop | servo y-axis (up) | servo turn 0 degree | gripper on
17:46:50.206 > Stop | servo y-axis (up) | servo turn 0 degree | gripper on
17:46:50.326 > Stop | servo y-axis (up) | servo turn 0 degree | gripper on
17:46:50.446 > Stop | servo y-axis (up) | servo turn 0 degree | gripper on
17:46:50.566 > Stop | servo y-axis (up) | servo turn 0 degree | gripper on
17:46:50.686 > Stop | servo y-axis (up) | servo turn 0 degree | gripper on
17:46:50.806 > Stop | servo y-axis (up) | servo turn 0 degree | gripper on
17:46:50.926 > Stop | servo y-axis (up) | servo turn 0 degree | gripper on
17:46:51.046 > Stop | servo y-axis (up) | servo turn 0 degree | gripper on
17:46:51.166 > Stop | servo y-axis (up) | servo turn 0 degree | gripper on
17:46:51.286 > Stop | servo y-axis (up) | servo turn 0 degree | gripper on
17:46:51.406 > Stop | servo y-axis (up) | servo turn 0 degree | gripper on
17:46:51.526 > Stop | servo y-axis (up) | servo turn 0 degree | gripper on
17:46:51.646 > Stop | servo y-axis (up) | servo turn 0 degree | gripper on
17:46:51.766 > Stop | servo y-axis (up) | servo turn 0 degree | gripper on
17:46:51.886 > Stop | servo y-axis (up) | servo turn 0 degree | gripper on
17:46:52.006 > Stop | servo y-axis (up) | servo turn 0 degree | gripper on
17:46:52.126 > Stop | servo y-axis (up) | servo turn 0 degree | gripper on
17:46:52.246 > Stop | servo y-axis (up) | servo turn 0 degree | gripper on
17:46:52.366 > Stop | servo y-axis (up) | servo turn 0 degree | gripper on
17:46:52.486 > Stop | servo y-axis (up) | servo turn 0 degree | gripper on
17:46:52.606 > Stop | servo y-axis (up) | servo turn 0 degree | gripper on
17:46:52.726 > Stop | servo y-axis (up) | servo turn 0 degree | gripper on
17:46:52.846 > Stop | servo y-axis (up) | servo turn 0 degree | gripper on
17:46:52.966 > Stop | servo y-axis (up) | servo turn 0 degree | gripper on
17:46:53.086 > Stop | servo y-axis (up) | servo turn 0 degree | gripper on
17:46:53.207 > Stop | servo y-axis (up) | servo turn 0 degree | gripper on
17:46:53.327 > Stop | servo y-axis (up) | servo turn 0 degree | gripper on
17:46:53.446 > Stop | servo y-axis (up) | servo turn 0 degree | gripper on
17:46:53.566 > Stop | servo y-axis (up) | servo turn 0 degree | gripper on
17:46:53.687 > Stop | servo y-axis (up) | servo turn 0 degree | gripper on
17:46:53.807 > Stop | servo y-axis (up) | servo turn 0 degree | gripper on
17:46:53.927 > Stop | servo y-axis (up) | servo turn 0 degree | gripper on
17:46:54.046 > Stop | servo y-axis (up) | servo turn 0 degree | gripper on
17:46:54.167 > Stop | servo y-axis (up) | servo turn 0 degree | gripper on
17:46:54.286 > Stop | servo y-axis (up) | servo turn 0 degree | gripper on
17:46:54.407 > Stop | servo y-axis (up) | servo turn 0 degree | gripper on
17:46:54.527 > Stop | servo y-axis (up) | servo turn 0 degree | gripper on
17:46:54.652 > q