00:43:23.279 > Stop | servo y-axis (down) | servo turn 0 degree | gripper on
00:43:23.281 > positionA: 0    positionB: 5    positionC: 0
00:43:23.519 > Stop | servo y-axis (down) | servo turn 0 degree | gripper on
00:43:23.521 > positionA: 0    positionB: 5    positionC: 0
00:43:23.759 > Stop | servo y-axis (down) | servo turn 0 degree | gripper on
00:43:23.762 > positionA: 0    positionB: 5    positionC: 0
00:43:23.999 > Stop | servo y-axis (down) | servo turn 0 degree | gripper on
00:43:24.001 > positionA: 0    positionB: 5    positionC: 0
00:43:24.239 > Stop | servo y-axis (down) | servo turn 0 degree | gripper on
00:43:24.242 > positionA: 0    positionB: 5    positionC: 0
00:43:24.479 > Stop | servo y-axis (down) | servo turn 0 degree | gripper on
00:43:24.482 > positionA: 0    positionB: 5    positionC: 0
00:43:24.719 > Stop | servo y-axis (down) | servo turn 0 degree | gripper on
00:43:24.721 > positionA: 0    positionB: 5    positionC: 0
00:43:24.959 > Stop | servo y-axis (down) | servo turn 0 degree | gripper on
00:43:24.962 > positionA: 0    positionB: 5    positionC: 0
00:43:25.199 > Stop | servo y-axis (down) | servo turn 0 degree | gripper on
00:43:25.201 > positionA: 0    positionB: 5    positionC: 0
00:43:25.439 > Stop | servo y-axis (down) | servo turn 0 degree | gripper on
00:43:25.442 > positionA: 0    positionB: 5    positionC: 0
00:43:25.679 > Stop | servo y-axis (down) | servo turn 0 degree | gripper on
00:43:25.682 > positionA: 0    positionB: 5    positionC: 0
00:43:25.919 > Stop | servo y-axis (down) | servo turn 0 degree | gripper on
00:43:25.921 > positionA: 0    positionB: 5    positionC: 0
00:43:26.159 > Stop | servo y-axis (down) | servo turn 0 degree | gripper on
00:43:26.161 > positionA: 0    positionB: 5    positionC: 0
00:43:26.399 > Stop | servo y-axis (down) | servo turn 0 degree | gripper on
00:43:26.401 > positionA: 0    positionB: 5    positionC: 0
00:43:26.639 > Stop | servo y-axis (down) | servo turn 0 degree | gripper on
00:43:26.641 > positionA: 0    positionB: 5    positionC: 0
00:43:26.879 > Stop | servo y-axis (down) | servo turn 0 degree | gripper on
00:43:26.881 > positionA: 0    positionB: 5    positionC: 0
00:43:27.119 > Stop | servo y-axis (down) | servo turn 0 degree | gripper on
00:43:27.122 > positionA: 0    positionB: 5    positionC: 0
00:43:27.359 > Stop | servo y-axis (down) | servo turn 0 degree | gripper on
00:43:27.362 > positionA: 0    positionB: 5    positionC: 0
00:43:27.599 > Stop | servo y-axis (down) | servo turn 0 degree | gripper on
00:43:27.601 > positionA: 0    positionB: 5    positionC: 0
00:43:27.839 > Stop | servo y-axis (down) | servo turn 0 degree | gripper on
00:43:27.842 > positionA: 0    positionB: 5    positionC: 0
00:43:28.079 > Stop | servo y-axis (down) | servo turn 0 degree | gripper on
00:43:28.081 > positionA: 0    positionB: 5    positionC: 0
00:43:28.319 > Stop | servo y-axis (down) | servo turn 0 degree | gripper on
00:43:28.321 > positionA: 0    positionB: 5    positionC: 0
00:43:28.559 > Stop | servo y-axis (down) | servo turn 0 degree | gripper on
00:43:28.562 > positionA: 0    positionB: 5    positionC: 0
00:43:28.799 > Stop | servo y-axis (down) | servo turn 0 degree | gripper on
00:43:28.801 > positionA: 0    positionB: 5    positionC: 0
00:43:29.039 > Stop | servo y-axis (down) | servo turn 0 degree | gripper on
00:43:29.042 > positionA: 0    positionB: 5    positionC: 0
00:43:29.279 > Stop | servo y-axis (down) | servo turn 0 degree | gripper on
00:43:29.281 > positionA: 0    positionB: 5    positionC: 0
00:43:29.519 > Stop | servo y-axis (down) | servo turn 0 degree | gripper on
00:43:29.521 > positionA: 0    positionB: 5    positionC: 0
00:43:29.759 > Stop | servo y-axis (down) | servo turn 0 degree | gripper on
00:43:29.761 > positionA: 0    positionB: 5    positionC: 0
00:43:29.999 > Left |  | servo turn 0 degree | gripper on
00:43:30.001 > positionA: 0    positionB: 5    positionC: 0
00:43:30.239 > Stop | servo y-axis (up) | servo turn 0 degree | gripper on
00:43:30.242 > positionA: 0    positionB: 5    positionC: 0
00:43:30.479 > Stop | servo y-axis (up) | servo turn 0 degree | gripper on
00:43:30.482 > positionA: 0    positionB: 5    positionC: 0
00:43:30.719 > Stop | servo y-axis (up) | servo turn 0 degree | gripper on
00:43:30.722 > positionA: 0    positionB: 5    positionC: 0
00:43:30.959 > Stop | servo y-axis (up) | servo turn 0 degree | gripper on
00:43:30.962 > positionA: 0    positionB: 5    positionC: 0
00:43:31.199 > Stop | servo y-axis (up) | servo turn 0 degree | gripper on
00:43:31.201 > positionA: 0    positionB: 5    positionC: 0
00:43:31.439 > Stop | servo y-axis (up) | servo turn 0 degree | gripper on
00:43:31.441 > positionA: 0    positionB: 5    positionC: 0
00:43:31.679 > Stop | servo y-axis (down) | servo turn 0 degree | gripper on
00:43:31.681 > positionA: 0    positionB: 5    positionC: 0
00:43:31.919 > Stop | servo y-axis (down) | servo turn 0 degree | gripper on
00:43:31.921 > positionA: 0    positionB: 5    positionC: 0
00:43:32.159 > Stop | servo y-axis (down) | servo turn 0 degree | gripper on
00:43:32.161 > positionA: 0    positionB: 5    positionC: 0
00:43:32.399 > Stop | servo y-axis (down) | servo turn 0 degree | gripper on
00:43:32.401 > positionA: 0    positionB: 5    positionC: 0
00:43:32.639 > Stop | servo y-axis (down) | servo turn 0 degree | gripper on
00:43:32.642 > positionA: 0    positionB: 5    positionC: 0
00:43:32.879 > Stop | servo y-axis (down) | servo turn 0 degree | gripper on
00:43:32.881 > positionA: 0    positionB: 5    positionC: 0
00:43:33.119 > Stop | servo y-axis (down) | servo turn 0 degree | gripper on
00:43:33.121 > positionA: 0    positionB: 5    positionC: 0
00:43:33.359 > Stop | servo y-axis (down) | servo turn 0 degree | gripper on
00:43:33.361 > positionA: 0    positionB: 5    positionC: 0
00:43:33.599 > Stop | servo y-axis (down) | servo turn 0 degree | gripper on
00:43:33.601 > positionA: 0    positionB: 5    positionC: 0
00:43:33.839 > Stop | servo y-axis (down) | servo turn 90 degree | gripper on
00:43:33.844 > positionA: 0    positionB: 5    positionC: 0
00:43:34.079 > Stop | servo y-axis (down) | servo turn 90 degree | gripper on
00:43:34.084 > positionA: 0    positionB: 5    positionC: 0
00:43:34.319 > Stop | servo y-axis (down) | servo turn 90 degree | gripper on
00:43:34.324 > positionA: 0    positionB: 5    positionC: 0
00:43:34.559 > Stop | servo y-axis (down) | servo turn 90 degree | gripper on
00:43:34.564 > positionA: 0    positionB: 5    positionC: 0
00:43:34.799 > Stop | servo y-axis (down) | servo turn 90 degree | gripper on
00:43:34.804 > positionA: 0    positionB: 5    positionC: 0
00:43:35.039 > Stop | servo y-axis (down) | servo turn 90 degree | gripper on
00:43:35.044 > positionA: 0    positionB: 5    positionC: 0
00:43:35.279 > Stop | servo y-axis (down) | servo turn 180 degree | gripper on
00:43:35.284 > positionA: 0    positionB: 5    positionC: 0
00:43:35.519 > Stop | servo y-axis (down) | servo turn 180 degree | gripper on
00:43:35.524 > positionA: 0    positionB: 5    positionC: 0
00:43:35.759 > Stop | servo y-axis (down) | servo turn 180 degree | gripper on
00:43:35.764 > positionA: 0    positionB: 5    positionC: 0
00:43:35.999 > Stop | servo y-axis (down) | servo turn 180 degree | gripper on
00:43:36.004 > positionA: 0    positionB: 5    positionC: 0
00:43:36.239 > Stop | servo y-axis (down) | servo turn 180 degree | gripper on
00:43:36.244 > positionA: 0    positionB: 5    positionC: 0
00:43:36.479 > Stop | servo y-axis (down) | servo turn 180 degree | gripper on
00:43:36.484 > positionA: 0    positionB: 5    positionC: 0
00:43:36.719 > Stop | servo y-axis (down) | servo turn 90 degree | gripper on
00:43:36.724 > positionA: 0    positionB: 5    positionC: 0
00:43:36.959 > Stop | servo y-axis (down) | servo turn 90 degree | gripper on
00:43:36.964 > positionA: 0    positionB: 5    positionC: 0
00:43:37.199 > Stop | servo y-axis (down) | servo turn 0 degree | gripper on
00:43:37.201 > positionA: 0    positionB: 5    positionC: 0
00:43:37.439 > Stop | servo y-axis (down) | servo turn 0 degree | gripper on
00:43:37.442 > positionA: 0    positionB: 5    positionC: 0
00:43:37.679 > Stop | servo y-axis (down) | servo turn 0 degree | gripper on
00:43:37.681 > positionA: 0    positionB: 5    positionC: 0
00:43:37.919 > Stop | servo y-axis (down) | servo turn 0 degree | gripper on
00:43:37.921 > positionA: 0    positionB: 5    positionC: 0
00:43:38.159 > Stop | servo y-axis (down) | servo turn 0 degree | gripper on
00:43:38.161 > positionA: 0    positionB: 5    positionC: 0
00:43:38.436 > Stop | servo y-axis (down) | servo turn 0 degree | gripper off
00:43:38.436 > positionA: 0    positionB: 5    positionC: 0
00:43:38.638 > Stop | servo y-axis (down) | servo turn 0 degree | gripper off
00:43:38.643 > positionA: 0    positionB: 5    positionC: 0
00:43:38.878 > Stop | servo y-axis (down) | servo turn 0 degree | gripper off
00:43:38.883 > positionA: 0    positionB: 5    positionC: 0
00:43:39.118 > Stop | servo y-axis (down) | servo turn 0 degree | gripper off
00:43:39.123 > positionA: 0    positionB: 5    positionC: 0
00:43:39.358 > Stop | servo y-axis (down) | servo turn 0 degree | gripper off
00:43:39.363 > positionA: 0    positionB: 5    positionC: 0
00:43:39.598 > Stop | servo y-axis (down) | servo turn 0 degree | gripper off
00:43:39.603 > positionA: 0    positionB: 5    positionC: 0
00:43:39.838 > Stop | servo y-axis (down) | servo turn 0 degree | gripper off
00:43:39.843 > positionA: 0    positionB: 5    positionC: 0
00:43:40.078 > Stop | servo y-axis (down) | servo turn 0 degree | gripper off
00:43:40.083 > positionA: 0    positionB: 5    positionC: 0
00:43:40.318 > Stop | servo y-axis (down) | servo turn 0 degree | gripper off
00:43:40.323 > positionA: 0    positionB: 5    positionC: 0
00:43:40.558 > Stop | servo y-axis (down) | servo turn 0 degree | gripper off
00:43:40.563 > positionA: 0    positionB: 5    positionC: 0
00:43:40.798 > Stop | servo y-axis (down) | servo turn 0 degree | gripper off
00:43:40.803 > positionA: 0    positionB: 5    positionC: 0
00:43:41.038 > Stop | servo y-axis (down) | servo turn 0 degree | gripper off
00:43:41.043 > positionA: 0    positionB: 5    positionC: 0
00:43:41.278 > Stop | servo y-axis (down) | servo turn 0 degree | gripper off
00:43:41.283 > positionA: 0    positionB: 5    positionC: 0
00:43:41.518 > Stop | servo y-axis (down) | servo turn 0 degree | gripper off
00:43:41.523 > positionA: 0    positionB: 5    positionC: 0
00:43:41.758 > Stop | servo y-axis (down) | servo turn 0 degree | gripper off
00:43:41.763 > positionA: 0    positionB: 5    positionC: 0
00:43:41.998 > Stop | servo y-axis (down) | servo turn 0 degree | gripper off
00:43:42.003 > positionA: 0    positionB: 5    positionC: 0
00:43:42.238 > Stop | servo y-axis (down) | servo turn 0 degree | gripper off
00:43:42.243 > positionA: 0    positionB: 5    positionC: 0
00:43:42.478 > Stop | servo y-axis (down) | servo turn 0 degree | gripper off
00:43:42.483 > positionA: 0    positionB: 5    positionC: 0
00:43:42.718 > Stop | servo y-axis (down) | servo turn 0 degree | gripper off
00:43:42.723 > positionA: 0    positionB: 5    positionC: 0
00:43:42.958 > Stop | servo y-axis (down) | servo turn 0 degree | gripper off
00:43:42.963 > positionA: 0    positionB: 5    positionC: 0
00:43:43.198 > Stop | servo y-axis (down) | servo turn 0 degree | gripper off
00:43:43.203 > positionA: 0    positionB: 5    positionC: 0
00:43:43.438 > Stop | servo y-axis (down) | servo turn 0 degree | gripper off
00:43:43.443 > positionA: 0    positionB: 5    positionC: 0
00:43:43.678 > Stop | servo y-axis (down) | servo turn 0 degree | gripper off
00:43:43.683 > positionA: 0    positionB: 5    positionC: 0
00:43:43.918 > Stop | servo y-axis (down) | servo turn 0 degree | gripper off
00:43:43.923 > positionA: 0    positionB: 5    positionC: 0
00:43:44.158 > Stop | servo y-axis (down) | servo turn 0 degree | gripper off
00:43:44.163 > positionA: 0    positionB: 5    positionC: 0
00:43:44.398 > Stop | servo y-axis (down) | servo turn 0 degree | gripper off
00:43:44.403 > positionA: 0    positionB: 5    positionC: 0
00:43:44.638 > Stop | servo y-axis (down) | servo turn 0 degree | gripper off
00:43:44.643 > positionA: 0    positionB: 5    positionC: 0
00:43:44.878 > Stop | servo y-axis (down) | servo turn 0 degree | gripper off
00:43:44.883 > positionA: 0    positionB: 5    positionC: 0
00:43:45.118 > Stop | servo y-axis (down) | servo turn 0 degree | gripper off
00:43:45.123 > positionA: 0    positionB: 5    positionC: 0
00:43:45.358 > Stop | servo y-axis (down) | servo turn 0 degree | gripper off
00:43:45.363 > positionA: 0    positionB: 5    positionC: 0
00:43:45.598 > Stop | servo y-axis (down) | servo turn 0 degree | gripper off
00:43:45.603 > positionA: 0    positionB: 5    positionC: 0
00:43:45.838 > Stop | servo y-axis (down) | servo turn 0 degree | gripper off
00:43:45.843 > positionA: 0    positionB: 5    positionC: 0
00:43:46.078 > Stop | servo y-axis (down) | servo turn 0 degree | gripper off
00:43:46.083 > positionA: 0    positionB: 5    positionC: 0
00:43:46.318 > Stop | servo y-axis (down) | servo turn 0 degree | gripper off
00:43:46.323 > positionA: 0    positionB: 5    positionC: 0
00:43:46.558 > Stop | servo y-axis (down) | servo turn 0 degree | gripper off
00:43:46.563 > positionA: 0    positionB: 5    positionC: 0
00:43:46.798 > Stop | servo y-axis (down) | servo turn 0 degree | gripper off
00:43:46.803 > positionA: 0    positionB: 5    positionC: 0
00:43:47.038 > Stop | servo y-axis (down) | servo turn 0 degree | gripper off
00:43:47.043 > positionA: 0    positionB: 5    positionC: 0
00:43:47.278 > Stop | servo y-axis (down) | servo turn 0 degree | gripper off
00:43:47.283 > positionA: 0    positionB: 5    positionC: 0
00:43:47.518 > Stop | servo y-axis (down) | servo turn 0 degree | gripper off
00:43:47.523 > positionA: 0    positionB: 5    positionC: 0
00:43:47.758 > Stop | servo y-axis (down) | servo turn 0 degree | gripper off
00:43:47.763 > positionA: 0    positionB: 5    positionC: 0
00:43:47.998 > Stop | servo y-axis (down) | servo turn 0 degree | gripper off
00:43:48.003 > positionA: 0    positionB: 5    positionC: 0
00:43:48.238 > Stop | servo y-axis (down) | servo turn 0 degree | gripper off
00:43:48.243 > positionA: 0    positionB: 5    positionC: 0
00:43:48.478 > Stop | servo y-axis (down) | servo turn 0 degree | gripper off
00:43:48.483 > positionA: 0    positionB: 5    positionC: 0
00:43:48.719 > Stop | servo y-axis (down) | servo turn 0 degree | gripper on
00:43:48.721 > positionA: 0    positionB: 5    positionC: 0
00:43:48.959 > Stop | servo y-axis (down) | servo turn 0 degree | gripper on
00:43:48.961 > positionA: 0    positionB: 5    positionC: 0
00:43:49.199 > Stop | servo y-axis (down) | servo turn 0 degree | gripper on
00:43:49.201 > positionA: 0    positionB: 5    positionC: 0
00:43:49.439 > Stop | servo y-axis (down) | servo turn 0 degree | gripper on
00:43:49.441 > positionA: 0    positionB: 5    positionC: 0
00:43:49.679 > Stop | servo y-axis (down) | servo turn 0 degree | gripper on
00:43:49.681 > positionA: 0    positionB: 5    positionC: 0
00:43:49.919 > Stop | servo y-axis (down) | servo turn 0 degree | gripper on
00:43:49.921 > positionA: 0    positionB: 5    positionC: 0
00:43:50.159 > Stop | servo y-axis (down) | servo turn 0 degree | gripper on
00:43:50.161 > positionA: 0    positionB: 5    positionC: 0
00:43:50.399 > Stop | servo y-axis (down) | servo turn 0 degree | gripper on
00:43:50.401 > positionA: 0    positionB: 5    positionC: 0
00:43:50.638 > Stop | servo y-axis (down) | servo turn 0 degree | gripper off
00:43:50.643 > positionA: 0    positionB: 5    positionC: 0
00:43:50.878 > Stop | servo y-axis (down) | servo turn 0 degree | gripper off
00:43:50.883 > positionA: 0    positionB: 5    positionC: 0
00:43:51.118 > Stop | servo y-axis (down) | servo turn 0 degree | gripper off
00:43:51.123 > positionA: 0    positionB: 5    positionC: 0
00:43:51.358 > Stop | servo y-axis (down) | servo turn 0 degree | gripper off
00:43:51.363 > positionA: 0    positionB: 5    positionC: 0
00:43:51.598 > Stop | servo y-axis (down) | servo turn 0 degree | gripper off
00:43:51.603 > positionA: 0    positionB: 5    positionC: 0
00:43:51.838 > Stop | servo y-axis (down) | servo turn 0 degree | gripper off
00:43:51.843 > positionA: 0    positionB: 5    positionC: 0
00:43:52.078 > Stop | servo y-axis (down) | servo turn 0 degree | gripper off
00:43:52.083 > positionA: 0    positionB: 5    positionC: 0
00:43:52.318 > Stop | servo y-axis (down) | servo turn 0 degree | gripper off
00:43:52.323 > positionA: 0    positionB: 5    positionC: 0
00:43:52.558 > Stop | servo y-axis (down) | servo turn 0 degree | gripper off
00:43:52.563 > positionA: 0    positionB: 5    positionC: 0
00:43:52.798 > Stop | servo y-axis (down) | servo turn 0 degree | gripper off
00:43:52.803 > positionA: 0    positionB: 5    positionC: 0
00:43:53.038 > Stop | servo y-axis (down) | servo turn 0 degree | gripper off
00:43:53.043 > positionA: 0    positionB: 5    positionC: 0
00:43:53.279 > Stop | servo y-axis (down) | servo turn 0 degree | gripper on
00:43:53.281 > positionA: 0    positionB: 5    positionC: 0
00:43:53.519 > Stop | servo y-axis (down) | servo turn 0 degree | gripper on
00:43:53.521 > positionA: 0    positionB: 5    positionC: 0
00:43:53.759 > Stop | servo y-axis (down) | servo turn 0 degree | gripper on
00:43:53.762 > positionA: 0    positionB: 5    positionC: 0
00:43:53.999 > Stop | servo y-axis (down) | servo turn 0 degree | gripper on
00:43:54.001 > positionA: 0    positionB: 5    positionC: 0
00:43:54.239 > Stop | servo y-axis (down) | servo turn 0 degree | gripper on
00:43:54.241 > positionA: 0    positionB: 5    positionC: 0
00:43:54.479 > Stop | servo y-axis (down) | servo turn 0 degree | gripper on
00:43:54.481 > positionA: 0    positionB: 5    positionC: 0
00:43:54.719 > Stop | servo y-axis (down) | servo turn 0 degree | gripper on
00:43:54.721 > positionA: 0    positionB: 5    positionC: 0
00:43:54.959 > Stop | servo y-axis (down) | servo turn 0 degree | gripper on
00:43:54.961 > positionA: 0    positionB: 5    positionC: 0
00:43:55.198 > Stop | servo y-axis (down) | servo turn 0 degree | gripper off
00:43:55.203 > positionA: 0    positionB: 5    positionC: 0
00:43:55.438 > Stop | servo y-axis (down) | servo turn 0 degree | gripper off
00:43:55.443 > positionA: 0    positionB: 5    positionC: 0
00:43:55.678 > Stop | servo y-axis (down) | servo turn 0 degree | gripper off
00:43:55.683 > positionA: 0    positionB: 5    positionC: 0
00:43:55.918 > Stop | servo y-axis (down) | servo turn 0 degree | gripper off
00:43:55.923 > positionA: 0    positionB: 5    positionC: 0
00:43:56.158 > Stop | servo y-axis (down) | servo turn 0 degree | gripper off
00:43:56.163 > positionA: 0    positionB: 5    positionC: 0
00:43:56.398 > Stop | servo y-axis (down) | servo turn 0 degree | gripper off
00:43:56.403 > positionA: 0    positionB: 5    positionC: 0
00:43:56.638 > Stop | servo y-axis (down) | servo turn 0 degree | gripper off
00:43:56.643 > positionA: 0    positionB: 5    positionC: 0
00:43:56.878 > Stop | servo y-axis (down) | servo turn 0 degree | gripper off
00:43:56.883 > positionA: 0    positionB: 5    positionC: 0
00:43:57.118 > Stop | servo y-axis (down) | servo turn 0 degree | gripper off
00:43:57.123 > positionA: 0    positionB: 5    positionC: 0
00:43:57.358 > Stop | servo y-axis (down) | servo turn 0 degree | gripper off
00:43:57.363 > positionA: 0    positionB: 5    positionC: 0
00:43:57.598 > Stop | servo y-axis (down) | servo turn 0 degree | gripper off
00:43:57.603 > positionA: 0    positionB: 5    positionC: 0
00:43:57.838 > Stop | servo y-axis (down) | servo turn 0 degree | gripper off
00:43:57.843 > positionA: 0    positionB: 5    positionC: 0
00:43:58.078 > Stop | servo y-axis (down) | servo turn 0 degree | gripper off
00:43:58.083 > positionA: 0    positionB: 5    positionC: 0
00:43:58.318 > Stop | servo y-axis (down) | servo turn 0 degree | gripper off
00:43:58.323 > positionA: 0    positionB: 5    positionC: 0
00:43:58.558 > Stop | servo y-axis (down) | servo turn 0 degree | gripper off
00:43:58.563 > positionA: 0    positionB: 5    positionC: 0
00:43:58.798 > Stop | servo y-axis (down) | servo turn 0 degree | gripper off
00:43:58.803 > positionA: 0    positionB: 5    positionC: 0
00:43:59.038 > Stop | servo y-axis (down) | servo turn 0 degree | gripper off
00:43:59.043 > positionA: 0    positionB: 5    positionC: 0
00:43:59.278 > Stop | servo y-axis (down) | servo turn 0 degree | gripper off
00:43:59.283 > positionA: 0    positionB: 5    positionC: 0
00:43:59.517 > Stop | servo y-axis (down) | servo turn 0 degree | gripper off
00:43:59.523 > positionA: 0    positionB: 5    positionC: 0
00:43:59.757 > Stop | servo y-axis (down) | servo turn 0 degree | gripper off
00:43:59.763 > positionA: 0    positionB: 5    positionC: 0
00:43:59.998 > Stop | servo y-axis (down) | servo turn 0 degree | gripper off
00:44:00.003 > positionA: 0    positionB: 5    positionC: 0
00:44:00.238 > Stop | servo y-axis (down) | servo turn 0 degree | gripper off
00:44:00.243 > positionA: 0    positionB: 5    positionC: 0
00:44:00.478 > Stop | servo y-axis (down) | servo turn 0 degree | gripper off
00:44:00.483 > positionA: 0    positionB: 5    positionC: 0
00:44:00.718 > Stop | servo y-axis (down) | servo turn 0 degree | gripper off
00:44:00.723 > positionA: 0    positionB: 5    positionC: 0
00:44:00.958 > Stop | servo y-axis (down) | servo turn 0 degree | gripper off
00:44:00.963 > positionA: 0    positionB: 5    positionC: 0
00:44:01.197 > Stop | servo y-axis (down) | servo turn 0 degree | gripper off
00:44:01.203 > positionA: 0    positionB: 5    positionC: 0
00:44:01.438 > Stop | servo y-axis (down) | servo turn 0 degree | gripper off
00:44:01.443 > positionA: 0    positionB: 5    positionC: 0
00:44:01.678 > Stop | servo y-axis (down) | servo turn 0 degree | gripper off
00:44:01.683 > positionA: 0    positionB: 5    positionC: 0
00:44:01.918 > Stop | servo y-axis (down) | servo turn 0 degree | gripper off
00:44:01.923 > positionA: 0    positionB: 5    positionC: 0
00:44:02.158 > Stop | servo y-axis (down) | servo turn 0 degree | gripper off
00:44:02.163 > positionA: 0    positionB: 5    positionC: 0
00:44:02.398 > Stop | servo y-axis (down) | servo turn 0 degree | gripper off
00:44:02.403 > positionA: 0    positionB: 5    positionC: 0
00:44:02.638 > Stop | servo y-axis (down) | servo turn 0 degree | gripper off
00:44:02.643 > positionA: 0    positionB: 5    positionC: 0
00:44:02.878 > Stop | servo y-axis (down) | servo turn 0 degree | gripper off
00:44:02.883 > positionA: 0    positionB: 5    positionC: 0
00:44:03.118 > Stop | servo y-axis (down) | servo turn 0 degree | gripper off
00:44:03.123 > positionA: 0    positionB: 5    positionC: 0
00:44:03.358 > Stop | servo y-axis (down) | servo turn 0 degree | gripper off
00:44:03.363 > positionA: 0    positionB: 5    positionC: 0
00:44:03.598 > Stop | servo y-axis (down) | servo turn 0 degree | gripper off
00:44:03.603 > positionA: 0    positionB: 5    positionC: 0
00:44:03.838 > Stop | servo y-axis (down) | servo turn 0 degree | gripper off
00:44:03.843 > positionA: 0    positionB: 5    positionC: 0
00:44:04.078 > Stop | servo y-axis (down) | servo turn 0 degree | gripper off
00:44:04.083 > positionA: 0    positionB: 5    positionC: 0
00:44:04.318 > Stop | servo y-axis (down) | servo turn 0 degree | gripper off
00:44:04.323 > positionA: 0    positionB: 5    positionC: 0
00:44:04.558 > Stop | servo y-axis (down) | servo turn 0 degree | gripper off
00:44:04.563 > positionA: 0    positionB: 5    positionC: 0
00:44:04.798 > Stop | servo y-axis (down) | servo turn 0 degree | gripper off
00:44:04.803 > positionA: 0    positionB: 5    positionC: 0
00:44:05.038 > Stop | servo y-axis (down) | servo turn 0 degree | gripper off
00:44:05.043 > positionA: 0    positionB: 5    positionC: 0
00:44:05.278 > Stop | servo y-axis (down) | servo turn 0 degree | gripper off
00:44:05.283 > positionA: 0    positionB: 5    positionC: 0
00:44:05.518 > Stop | servo y-axis (down) | servo turn 0 degree | gripper off
00:44:05.523 > positionA: 0    positionB: 5    positionC: 0
00:44:05.758 > Stop | servo y-axis (down) | servo turn 0 degree | gripper off
00:44:05.763 > positionA: 0    positionB: 5    positionC: 0
00:44:05.998 > Stop | servo y-axis (down) | servo turn 0 degree | gripper off
00:44:06.003 > positionA: 0    positionB: 5    positionC: 0
00:44:06.238 > Stop | servo y-axis (down) | servo turn 0 degree | gripper off
00:44:06.243 > positionA: 0    positionB: 5    positionC: 0
00:44:06.479 > Stop | servo y-axis (down) | servo turn 0 degree | gripper off
00:44:06.483 > positionA: 0    positionB: 5    positionC: 0
00:44:06.718 > Stop | servo y-axis (down) | servo turn 0 degree | gripper off
00:44:06.723 > positionA: 0    positionB: 5    positionC: 0
00:44:06.958 > Stop | servo y-axis (down) | servo turn 0 degree | gripper off
00:44:06.963 > positionA: 0    positionB: 5    positionC: 0
00:44:07.198 > Stop | servo y-axis (down) | servo turn 0 degree | gripper off
00:44:07.203 > positionA: 0    positionB: 5    positionC: 0
00:44:07.438 > Stop | servo y-axis (down) | servo turn 0 degree | gripper off
00:44:07.443 > positionA: 0    positionB: 5    positionC: 0
00:44:07.678 > Stop | servo y-axis (down) | servo turn 0 degree | gripper off
00:44:07.683 > positionA: 0    positionB: 5    positionC: 0
00:44:07.918 > Stop | servo y-axis (down) | servo turn 0 degree | gripper off
00:44:07.923 > positionA: 0    positionB: 5    positionC: 0
00:44:08.158 > Stop | servo y-axis (down) | servo turn 0 degree | gripper off
00:44:08.163 > positionA: 0    positionB: 5    positionC: 0
00:44:08.398 > Stop | servo y-axis (down) | servo turn 0 degree | gripper off
00:44:08.403 > positionA: 0    positionB: 5    positionC: 0
00:44:08.638 > Stop | servo y-axis (down) | servo turn 0 degree | gripper off
00:44:08.643 > positionA: 0    positionB: 5    positionC: 0
00:44:08.878 > Stop | servo y-axis (down) | servo turn 0 degree | gripper off
00:44:08.883 > positionA: 0    positionB: 5    positionC: 0
00:44:09.118 > Stop | servo y-axis (down) | servo turn 0 degree | gripper off
00:44:09.123 > positionA: 0    positionB: 5    positionC: 0
00:44:09.358 > Stop | servo y-axis (down) | servo turn 0 degree | gripper off
00:44:09.363 > positionA: 0    positionB: 5    positionC: 0
00:44:09.598 > Stop | servo y-axis (down) | servo turn 0 degree | gripper off
00:44:09.603 > positionA: 0    positionB: 5    positionC: 0
00:44:09.838 > Stop | servo y-axis (down) | servo turn 0 degree | gripper off
00:44:09.843 > positionA: 0    positionB: 5    positionC: 0
00:44:10.078 > Stop | servo y-axis (down) | servo turn 0 degree | gripper off
00:44:10.083 > positionA: 0    positionB: 5    positionC: 0
00:44:10.318 > Stop | servo y-axis (down) | servo turn 0 degree | gripper off
00:44:10.323 > positionA: 0    positionB: 5    positionC: 0
00:44:10.558 > Stop | servo y-axis (down) | servo turn 0 degree | gripper off
00:44:10.563 > positionA: 0    positionB: 5    positionC: 0
00:44:10.798 > Stop | servo y-axis (down) | servo turn 0 degree | gripper off
00:44:10.803 > positionA: 0    positionB: 5    positionC: 0
00:44:11.038 > Stop | servo y-axis (down) | servo turn 0 degree | gripper off
00:44:11.043 > positionA: 0    positionB: 5    positionC: 0
00:44:11.277 > Stop | servo y-axis (down) | servo turn 0 degree | gripper off
00:44:11.283 > positionA: 0    positionB: 5    positionC: 0
00:44:11.518 > Stop | servo y-axis (down) | servo turn 0 degree | gripper off
00:44:11.523 > positionA: 0    positionB: 5    positionC: 0
00:44:11.758 > Stop | servo y-axis (down) | servo turn 0 degree | gripper off
00:44:11.763 > positionA: 0    positionB: 5    positionC: 0
00:44:11.998 > Stop | servo y-axis (down) | servo turn 0 degree | gripper off
00:44:12.003 > positionA: 0    positionB: 5    positionC: 0
00:44:12.238 > Stop | servo y-axis (down) | servo turn 0 degree | gripper off
00:44:12.243 > positionA: 0    positionB: 5    positionC: 0
00:44:12.477 > Stop | servo y-axis (down) | servo turn 0 degree | gripper off
00:44:12.483 > positionA: 0    positionB: 5    positionC: 0
00:44:12.718 > Stop | servo y-axis (down) | servo turn 0 degree | gripper off
00:44:12.723 > positionA: 0    positionB: 5    positionC: 0
00:44:12.958 > Stop | servo y-axis (down) | servo turn 0 degree | gripper off
00:44:12.963 > positionA: 0    positionB: 5    positionC: 0
00:44:13.198 > Stop | servo y-axis (down) | servo turn 0 degree | gripper off
00:44:13.203 > positionA: 0    positionB: 5    positionC: 0
00:44:13.437 > Stop | servo y-axis (down) | servo turn 0 degree | gripper off
00:44:13.443 > positionA: 0    positionB: 5    positionC: 0
00:44:13.677 > Stop | servo y-axis (down) | servo turn 0 degree | gripper off
00:44:13.683 > positionA: 0    positionB: 5    positionC: 0
00:44:13.918 > Stop | servo y-axis (down) | servo turn 0 degree | gripper off
00:44:13.923 > positionA: 0    positionB: 5    positionC: 0
00:44:14.158 > Stop | servo y-axis (down) | servo turn 0 degree | gripper off
00:44:14.163 > positionA: 0    positionB: 5    positionC: 0
00:44:14.398 > Stop | servo y-axis (down) | servo turn 0 degree | gripper off
00:44:14.403 > positionA: 0    positionB: 5    positionC: 0
00:44:14.638 > Stop | servo y-axis (down) | servo turn 0 degree | gripper off
00:44:14.643 > positionA: 0    positionB: 5    positionC: 0
00:44:14.878 > Stop | servo y-axis (down) | servo turn 0 degree | gripper off
00:44:14.883 > positionA: 0    positionB: 5    positionC: 0
00:44:15.118 > Stop | servo y-axis (down) | servo turn 0 degree | gripper off
00:44:15.123 > positionA: 0    positionB: 5    positionC: 0
00:44:15.358 > Stop | servo y-axis (down) | servo turn 0 degree | gripper off
00:44:15.363 > positionA: 0    positionB: 5    positionC: 0
00:44:15.598 > Stop | servo y-axis (down) | servo turn 0 degree | gripper off
00:44:15.603 > positionA: 0    positionB: 5    positionC: 0
00:44:15.837 > Stop | servo y-axis (down) | servo turn 0 degree | gripper off
00:44:15.843 > positionA: 0    positionB: 5    positionC: 0
00:44:16.078 > Stop | servo y-axis (down) | servo turn 0 degree | gripper off
00:44:16.083 > positionA: 0    positionB: 5    positionC: 0
00:44:16.317 > Stop | servo y-axis (down) | servo turn 0 degree | gripper off
00:44:16.323 > positionA: 0    positionB: 5    positionC: 0
00:44:16.558 > Stop | servo y-axis (down) | servo turn 0 degree | gripper off
00:44:16.563 > positionA: 0    positionB: 5    positionC: 0
00:44:16.798 > Stop | servo y-axis (down) | servo turn 0 degree | gripper off
00:44:16.803 > positionA: 0    positionB: 5    positionC: 0
00:44:17.038 > Stop | servo y-axis (down) | servo turn 0 degree | gripper off
00:44:17.043 > positionA: 0    positionB: 5    positionC: 0
00:44:17.278 > Stop | servo y-axis (down) | servo turn 0 degree | gripper off
00:44:17.283 > positionA: 0    positionB: 5    positionC: 0
00:44:17.517 > Stop | servo y-axis (down) | servo turn 0 degree | gripper off
00:44:17.523 > positionA: 0    positionB: 5    positionC: 0
00:44:17.758 > Stop | servo y-axis (down) | servo turn 0 degree | gripper off
00:44:17.763 > positionA: 0    positionB: 5    positionC: 0
00:44:17.998 > Stop | servo y-axis (down) | servo turn 0 degree | gripper off
00:44:18.003 > positionA: 0    positionB: 5    positionC: 0
00:44:18.238 > Stop | servo y-axis (down) | servo turn 0 degree | gripper off
00:44:18.243 > positionA: 0    positionB: 5    positionC: 0
00:44:18.478 > Stop | servo y-axis (down) | servo turn 0 degree | gripper off
00:44:18.483 > positionA: 0    positionB: 5    positionC: 0
00:44:18.718 > Stop | servo y-axis (down) | servo turn 0 degree | gripper off
00:44:18.723 > positionA: 0    positionB: 5    positionC: 0
00:44:18.958 > Stop | servo y-axis (down) | servo turn 0 degree | gripper off
00:44:18.963 > positionA: 0    positionB: 5    positionC: 0
00:44:19.198 > Stop | servo y-axis (down) | servo turn 0 degree | gripper off
00:44:19.203 > positionA: 0    positionB: 5    positionC: 0
00:44:19.438 > Stop | servo y-axis (down) | servo turn 0 degree | gripper off
00:44:19.443 > positionA: 0    positionB: 5    positionC: 0
00:44:19.677 > Stop | servo y-axis (down) | servo turn 0 degree | gripper off
00:44:19.683 > positionA: 0    positionB: 5    positionC: 0
00:44:19.918 > Stop | servo y-axis (down) | servo turn 0 degree | gripper off
00:44:19.923 > positionA: 0    positionB: 5    positionC: 0
00:44:20.158 > Stop | servo y-axis (down) | servo turn 0 degree | gripper off
00:44:20.163 > positionA: 0    positionB: 5    positionC: 0
00:44:20.398 > Stop | servo y-axis (down) | servo turn 0 degree | gripper off
00:44:20.403 > positionA: 0    positionB: 5    positionC: 0
00:44:20.638 > Stop | servo y-axis (down) | servo turn 0 degree | gripper off
00:44:20.643 > positionA: 0    positionB: 5    positionC: 0
00:44:20.878 > Stop | servo y-axis (down) | servo turn 0 degree | gripper off
00:44:20.883 > positionA: 0    positionB: 5    positionC: 0
00:44:21.118 > Stop | servo y-axis (down) | servo turn 0 degree | gripper off
00:44:21.123 > positionA: 0    positionB: 5    positionC: 0
00:44:21.357 > Stop | servo y-axis (down) | servo turn 0 degree | gripper off
00:44:21.363 > positionA: 0    positionB: 5    positionC: 0
00:44:21.598 > Stop | servo y-axis (down) | servo turn 0 degree | gripper off
00:44:21.603 > positionA: 0    positionB: 5    positionC: 0
00:44:21.838 > Stop | servo y-axis (down) | servo turn 0 degree | gripper off
00:44:21.843 > positionA: 0    positionB: 5    positionC: 0
00:44:22.078 > Stop | servo y-axis (down) | servo turn 0 degree | gripper off
00:44:22.083 > positionA: 0    positionB: 5    positionC: 0
00:44:22.318 > Stop | servo y-axis (down) | servo turn 0 degree | gripper off
00:44:22.323 > positionA: 0    positionB: 5    positionC: 0
00:44:22.558 > Stop | servo y-axis (down) | servo turn 0 degree | gripper off
00:44:22.563 > positionA: 0    positionB: 5    positionC: 0
00:44:22.797 > Stop | servo y-axis (down) | servo turn 0 degree | gripper off
00:44:22.803 > positionA: 0    positionB: 5    positionC: 0
00:44:23.038 > Stop | servo y-axis (down) | servo turn 0 degree | gripper off
00:44:23.043 > positionA: 0    positionB: 5    positionC: 0
00:44:23.278 > Stop | servo y-axis (down) | servo turn 0 degree | gripper off
00:44:23.283 > positionA: 0    positionB: 5    positionC: 0
00:44:23.518 > Stop | servo y-axis (down) | servo turn 0 degree | gripper off
00:44:23.523 > positionA: 0    positionB: 5    positionC: 0
00:44:23.758 > Stop | servo y-axis (down) | servo turn 0 degree | gripper off
00:44:23.763 > positionA: 0    positionB: 5    positionC: 0
00:44:23.998 > Stop | servo y-axis (down) | servo turn 0 degree | gripper off
00:44:24.003 > positionA: 0    positionB: 5    positionC: 0
00:44:24.238 > Stop | servo y-axis (down) | servo turn 0 degree | gripper off
00:44:24.243 > positionA: 0    positionB: 5    positionC: 0
00:44:24.478 > Stop | servo y-axis (down) | servo turn 0 degree | gripper off
00:44:24.483 > positionA: 0    positionB: 5    positionC: 0
00:44:24.718 > Stop | servo y-axis (down) | servo turn 0 degree | gripper off
00:44:24.723 > positionA: 0    positionB: 5    positionC: 0
00:44:24.957 > Stop | servo y-axis (down) | servo turn 0 degree | gripper off
00:44:24.963 > positionA: 0    positionB: 5    positionC: 0
00:44:25.198 > Stop | servo y-axis (down) | servo turn 0 degree | gripper off
00:44:25.203 > positionA: 0    positionB: 5    positionC: 0
00:44:25.438 > Stop | servo y-axis (down) | servo turn 0 degree | gripper off
00:44:25.443 > positionA: 0    positionB: 5    positionC: 0
00:44:25.678 > Stop | servo y-axis (down) | servo turn 0 degree | gripper off
00:44:25.683 > positionA: 0    positionB: 5    positionC: 0
00:44:25.919 > Stop | servo y-axis (down) | servo turn 0 degree | gripper on
00:44:25.921 > positionA: 0    positionB: 5    positionC: 0
00:44:26.159 > Stop | servo y-axis (down) | servo turn 0 degree | gripper on
00:44:26.161 > positionA: 0    positionB: 5    positionC: 0
00:44:26.399 > Stop | servo y-axis (down) | servo turn 0 degree | gripper on
00:44:26.401 > positionA: 0    positionB: 5    positionC: 0
00:44:26.639 > Stop | servo y-axis (down) | servo turn 0 degree | gripper on
00:44:26.641 > positionA: 0    positionB: 5    positionC: 0
00:44:26.879 > Stop | servo y-axis (down) | servo turn 0 degree | gripper on
00:44:26.881 > positionA: 0    positionB: 5    positionC: 0
00:44:27.119 > Stop | servo y-axis (down) | servo turn 0 degree | gripper on
00:44:27.121 > positionA: 0    positionB: 5    positionC: 0
00:44:27.358 > Stop | servo y-axis (down) | servo turn 0 degree | gripper off
00:44:27.363 > positionA: 0    positionB: 5    positionC: 0
00:44:27.598 > Stop | servo y-axis (down) | servo turn 0 degree | gripper off
00:44:27.603 > positionA: 0    positionB: 5    positionC: 0
00:44:27.838 > Stop | servo y-axis (down) | servo turn 0 degree | gripper off
00:44:27.843 > positionA: 0    positionB: 5    positionC: 0
00:44:28.078 > Stop | servo y-axis (down) | servo turn 0 degree | gripper off
00:44:28.083 > positionA: 0    positionB: 5    positionC: 0
00:44:28.318 > Stop | servo y-axis (down) | servo turn 0 degree | gripper off
00:44:28.323 > positionA: 0    positionB: 5    positionC: 0
00:44:28.558 > Stop | servo y-axis (down) | servo turn 0 degree | gripper off
00:44:28.563 > positionA: 0    positionB: 5    positionC: 0
00:44:28.797 > Stop | servo y-axis (down) | servo turn 0 degree | gripper off
00:44:28.803 > positionA: 0    positionB: 5    positionC: 0
00:44:29.038 > Stop | servo y-axis (down) | servo turn 0 degree | gripper off
00:44:29.043 > positionA: 0    positionB: 5    positionC: 0
00:44:29.278 > Stop | servo y-axis (down) | servo turn 0 degree | gripper off
00:44:29.283 > positionA: 0    positionB: 5    positionC: 0
00:44:29.517 > Stop | servo y-axis (down) | servo turn 0 degree | gripper off
00:44:29.523 > positionA: 0    positionB: 5    positionC: 0
00:44:29.758 > Stop | servo y-axis (down) | servo turn 0 degree | gripper off
00:44:29.763 > positionA: 0    positionB: 5    positionC: 0
00:44:29.997 > Stop | servo y-axis (down) | servo turn 0 degree | gripper off
00:44:30.003 > positionA: 0    positionB: 5    positionC: 0
00:44:30.238 > Stop | servo y-axis (down) | servo turn 0 degree | gripper off
00:44:30.243 > positionA: 0    positionB: 5    positionC: 0
00:44:30.477 > Stop | servo y-axis (down) | servo turn 0 degree | gripper off
00:44:30.483 > positionA: 0    positionB: 5    positionC: 0
00:44:30.718 > Stop | servo y-axis (down) | servo turn 0 degree | gripper off
00:44:30.723 > positionA: 0    positionB: 5    positionC: 0
00:44:30.959 > Stop | servo y-axis (down) | servo turn 0 degree | gripper on
00:44:30.961 > positionA: 0    positionB: 5    positionC: 0
00:44:31.199 > Stop | servo y-axis (down) | servo turn 0 degree | gripper on
00:44:31.201 > positionA: 0    positionB: 5    positionC: 0
00:44:31.439 > Stop | servo y-axis (down) | servo turn 0 degree | gripper on
00:44:31.441 > positionA: 0    positionB: 5    positionC: 0
00:44:31.679 > Stop | servo y-axis (down) | servo turn 0 degree | gripper on
00:44:31.681 > positionA: 0    positionB: 5    positionC: 0
00:44:31.918 > Stop | servo y-axis (down) | servo turn 0 degree | gripper off
00:44:31.923 > positionA: 0    positionB: 5    positionC: 0
00:44:32.158 > Stop | servo y-axis (down) | servo turn 0 degree | gripper off
00:44:32.163 > positionA: 0    positionB: 5    positionC: 0
00:44:32.398 > Stop | servo y-axis (down) | servo turn 0 degree | gripper off
00:44:32.403 > positionA: 0    positionB: 5    positionC: 0
00:44:32.638 > Stop | servo y-axis (down) | servo turn 0 degree | gripper off
00:44:32.643 > positionA: 0    positionB: 5    positionC: 0
00:44:32.878 > Stop | servo y-axis (down) | servo turn 0 degree | gripper off
00:44:32.883 > positionA: 0    positionB: 5    positionC: 0
00:44:33.118 > Stop | servo y-axis (down) | servo turn 0 degree | gripper off
00:44:33.123 > positionA: 0    positionB: 5    positionC: 0
00:44:33.357 > Stop | servo y-axis (down) | servo turn 0 degree | gripper off
00:44:33.363 > positionA: 0    positionB: 5    positionC: 0
00:44:33.598 > Stop | servo y-axis (down) | servo turn 0 degree | gripper off
00:44:33.603 > positionA: 0    positionB: 5    positionC: 0
00:44:33.838 > Stop | servo y-axis (down) | servo turn 0 degree | gripper off
00:44:33.843 > positionA: 0    positionB: 5    positionC: 0
00:44:34.078 > Stop | servo y-axis (down) | servo turn 0 degree | gripper off
00:44:34.083 > positionA: 0    positionB: 5    positionC: 0
00:44:34.318 > Stop | servo y-axis (down) | servo turn 0 degree | gripper off
00:44:34.323 > positionA: 0    positionB: 5    positionC: 0
00:44:34.558 > Stop | servo y-axis (down) | servo turn 0 degree | gripper off
00:44:34.563 > positionA: 0    positionB: 5    positionC: 0
00:44:34.798 > Stop | servo y-axis (down) | servo turn 0 degree | gripper off
00:44:34.803 > positionA: 0    positionB: 5    positionC: 0
00:44:35.037 > Stop | servo y-axis (down) | servo turn 0 degree | gripper off
00:44:35.043 > positionA: 0    positionB: 5    positionC: 0
00:44:35.277 > Stop | servo y-axis (down) | servo turn 0 degree | gripper off
00:44:35.283 > positionA: 0    positionB: 5    positionC: 0
00:44:35.518 > Stop | servo y-axis (down) | servo turn 0 degree | gripper off
00:44:35.523 > positionA: 0    positionB: 5    positionC: 0
00:44:35.758 > Stop | servo y-axis (down) | servo turn 0 degree | gripper off
00:44:35.763 > positionA: 0    positionB: 5    positionC: 0
00:44:35.998 > Stop | servo y-axis (down) | servo turn 0 degree | gripper off
00:44:36.003 > positionA: 0    positionB: 5    positionC: 0
00:44:36.237 > Stop | servo y-axis (down) | servo turn 0 degree | gripper off
00:44:36.243 > positionA: 0    positionB: 5    positionC: 0
00:44:36.477 > Stop | servo y-axis (down) | servo turn 0 degree | gripper off
00:44:36.483 > positionA: 0    positionB: 5    positionC: 0
00:44:36.717 > Stop | servo y-axis (down) | servo turn 0 degree | gripper off
00:44:36.723 > positionA: 0    positionB: 5    positionC: 0
00:44:36.958 > Stop | servo y-axis (down) | servo turn 0 degree | gripper off
00:44:36.963 > positionA: 0    positionB: 5    positionC: 0
00:44:37.197 > Stop | servo y-axis (down) | servo turn 0 degree | gripper off
00:44:37.203 > positionA: 0    positionB: 5    positionC: 0
00:44:37.438 > Stop | servo y-axis (down) | servo turn 0 degree | gripper off
00:44:37.443 > positionA: 0    positionB: 5    positionC: 0
00:44:37.678 > Stop | servo y-axis (down) | servo turn 0 degree | gripper off
00:44:37.683 > positionA: 0    positionB: 5    positionC: 0
00:44:37.918 > Stop | servo y-axis (down) | servo turn 0 degree | gripper off
00:44:37.923 > positionA: 0    positionB: 5    positionC: 0
00:44:38.158 > Stop | servo y-axis (down) | servo turn 0 degree | gripper off
00:44:38.163 > positionA: 0    positionB: 5    positionC: 0
00:44:38.398 > Stop | servo y-axis (down) | servo turn 0 degree | gripper off
00:44:38.403 > positionA: 0    positionB: 5    positionC: 0
00:44:38.638 > Stop | servo y-axis (down) | servo turn 0 degree | gripper off
00:44:38.643 > positionA: 0    positionB: 5    positionC: 0
00:44:38.877 > Stop | servo y-axis (down) | servo turn 0 degree | gripper off
00:44:38.883 > positionA: 0    positionB: 5    positionC: 0
00:44:39.118 > Stop | servo y-axis (down) | servo turn 0 degree | gripper off
00:44:39.123 > positionA: 0    positionB: 5    positionC: 0
00:44:39.359 > Stop | servo y-axis (down) | servo turn 0 degree | gripper off
00:44:39.363 > positionA: 0    positionB: 5    positionC: 0
00:44:39.597 > Stop | servo y-axis (down) | servo turn 0 degree | gripper off
00:44:39.603 > positionA: 0    positionB: 5    positionC: 0
00:44:39.838 > Stop | servo y-axis (down) | servo turn 0 degree | gripper off
00:44:39.843 > positionA: 0    positionB: 5    positionC: 0
00:44:40.078 > Stop | servo y-axis (down) | servo turn 0 degree | gripper off
00:44:40.083 > positionA: 0    positionB: 5    positionC: 0
00:44:40.318 > Stop | servo y-axis (down) | servo turn 0 degree | gripper off
00:44:40.323 > positionA: 0    positionB: 5    positionC: 0
00:44:40.558 > Stop | servo y-axis (down) | servo turn 0 degree | gripper off
00:44:40.563 > positionA: 0    positionB: 5    positionC: 0
00:44:40.798 > Stop | servo y-axis (down) | servo turn 0 degree | gripper off
00:44:40.803 > positionA: 0    positionB: 5    positionC: 0
00:44:41.037 > Stop | servo y-axis (down) | servo turn 0 degree | gripper off
00:44:41.043 > positionA: 0    positionB: 5    positionC: 0
00:44:41.277 > Stop | servo y-axis (down) | servo turn 0 degree | gripper off
00:44:41.283 > positionA: 0    positionB: 5    positionC: 0
00:44:41.517 > Stop | servo y-axis (down) | servo turn 0 degree | gripper off
00:44:41.523 > positionA: 0    positionB: 5    positionC: 0
00:44:41.758 > Stop | servo y-axis (down) | servo turn 0 degree | gripper off
00:44:41.763 > positionA: 0    positionB: 5    positionC: 0
00:44:41.997 > Stop | servo y-axis (down) | servo turn 0 degree | gripper off
00:44:42.003 > positionA: 0    positionB: 5    positionC: 0
00:44:42.237 > Stop | servo y-axis (down) | servo turn 0 degree | gripper off
00:44:42.243 > positionA: 0    positionB: 5    positionC: 0
00:44:42.477 > Stop | servo y-axis (down) | servo turn 0 degree | gripper off
00:44:42.483 > positionA: 0    positionB: 5    positionC: 0
00:44:42.717 > Stop | servo y-axis (down) | servo turn 0 degree | gripper off
00:44:42.723 > positionA: 0    positionB: 5    positionC: 0
00:44:42.958 > Stop | servo y-axis (down) | servo turn 0 degree | gripper off
00:44:42.963 > positionA: 0    positionB: 5    positionC: 0
00:44:43.197 > Stop | servo y-axis (down) | servo turn 0 degree | gripper off
00:44:43.203 > positionA: 0    positionB: 5    positionC: 0
00:44:43.438 > Stop | servo y-axis (down) | servo turn 0 degree | gripper off
00:44:43.443 > positionA: 0    positionB: 5    positionC: 0
00:44:43.677 > Stop | servo y-axis (down) | servo turn 0 degree | gripper off
00:44:43.683 > positionA: 0    positionB: 5    positionC: 0
00:44:43.918 > Stop | servo y-axis (down) | servo turn 0 degree | gripper off
00:44:43.923 > positionA: 0    positionB: 5    positionC: 0
00:44:44.158 > Stop | servo y-axis (down) | servo turn 0 degree | gripper off
00:44:44.163 > positionA: 0    positionB: 5    positionC: 0
00:44:44.398 > Stop | servo y-axis (down) | servo turn 0 degree | gripper off
00:44:44.403 > positionA: 0    positionB: 5    positionC: 0
00:44:44.637 > Stop | servo y-axis (down) | servo turn 0 degree | gripper off
00:44:44.643 > positionA: 0    positionB: 5    positionC: 0
00:44:44.878 > Stop | servo y-axis (down) | servo turn 0 degree | gripper off
00:44:44.883 > positionA: 0    positionB: 5    positionC: 0
00:44:45.118 > Stop | servo y-axis (down) | servo turn 0 degree | gripper off
00:44:45.123 > positionA: 0    positionB: 5    positionC: 0
00:44:45.358 > Stop | servo y-axis (down) | servo turn 0 degree | gripper off
00:44:45.363 > positionA: 0    positionB: 5    positionC: 0
00:44:45.598 > Stop | servo y-axis (down) | servo turn 0 degree | gripper off
00:44:45.603 > positionA: 0    positionB: 5    positionC: 0
00:44:45.837 > Stop | servo y-axis (down) | servo turn 0 degree | gripper off
00:44:45.843 > positionA: 0    positionB: 5    positionC: 0
00:44:46.077 > Stop | servo y-axis (down) | servo turn 0 degree | gripper off
00:44:46.083 > positionA: 0    positionB: 5    positionC: 0
00:44:46.317 > Stop | servo y-axis (down) | servo turn 0 degree | gripper off
00:44:46.323 > positionA: 0    positionB: 5    positionC: 0
00:44:46.557 > Stop | servo y-axis (down) | servo turn 0 degree | gripper off
00:44:46.563 > positionA: 0    positionB: 5    positionC: 0
00:44:46.797 > Stop | servo y-axis (down) | servo turn 0 degree | gripper off
00:44:46.803 > positionA: 0    positionB: 5    positionC: 0
00:44:47.037 > Stop | servo y-axis (down) | servo turn 0 degree | gripper off
00:44:47.043 > positionA: 0    positionB: 5    positionC: 0
00:44:47.278 > Stop | servo y-axis (down) | servo turn 0 degree | gripper off
00:44:47.283 > positionA: 0    positionB: 5    positionC: 0
00:44:47.517 > Stop | servo y-axis (down) | servo turn 0 degree | gripper off
00:44:47.523 > positionA: 0    positionB: 5    positionC: 0
00:44:47.758 > Stop | servo y-axis (down) | servo turn 0 degree | gripper off
00:44:47.763 > positionA: 0    positionB: 5    positionC: 0
00:44:47.997 > Stop | servo y-axis (down) | servo turn 0 degree | gripper off
00:44:48.003 > positionA: 0    positionB: 5    positionC: 0
00:44:48.237 > Stop | servo y-axis (down) | servo turn 0 degree | gripper off
00:44:48.243 > positionA: 0    positionB: 5    positionC: 0
00:44:48.477 > Stop | servo y-axis (down) | servo turn 0 degree | gripper off
00:44:48.483 > positionA: 0    positionB: 5    positionC: 0
00:44:48.717 > Stop | servo y-axis (down) | servo turn 0 degree | gripper off
00:44:48.723 > positionA: 0    positionB: 5    positionC: 0
00:44:48.957 > Stop | servo y-axis (down) | servo turn 0 degree | gripper off
00:44:48.963 > positionA: 0    positionB: 5    positionC: 0
00:44:49.197 > Stop | servo y-axis (down) | servo turn 0 degree | gripper off
00:44:49.203 > positionA: 0    positionB: 5    positionC: 0
00:44:49.437 > Stop | servo y-axis (down) | servo turn 0 degree | gripper off
00:44:49.443 > positionA: 0    positionB: 5    positionC: 0
00:44:49.677 > Stop | servo y-axis (down) | servo turn 0 degree | gripper off
00:44:49.683 > positionA: 0    positionB: 5    positionC: 0
00:44:49.917 > Stop | servo y-axis (down) | servo turn 0 degree | gripper off
00:44:49.923 > positionA: 0    positionB: 5    positionC: 0
00:44:50.157 > Stop | servo y-axis (down) | servo turn 0 degree | gripper off
00:44:50.163 > positionA: 0    positionB: 5    positionC: 0
00:44:50.397 > Stop | servo y-axis (down) | servo turn 0 degree | gripper off
00:44:50.403 > positionA: 0    positionB: 5    positionC: 0
00:44:50.637 > Stop | servo y-axis (down) | servo turn 0 degree | gripper off
00:44:50.643 > positionA: 0    positionB: 5    positionC: 0
00:44:50.877 > Stop | servo y-axis (down) | servo turn 0 degree | gripper off
00:44:50.883 > positionA: 0    positionB: 5    positionC: 0
00:44:51.117 > Stop | servo y-axis (down) | servo turn 0 degree | gripper off
00:44:51.123 > positionA: 0    positionB: 5    positionC: 0
00:44:51.357 > Stop | servo y-axis (down) | servo turn 0 degree | gripper off
00:44:51.363 > positionA: 0    positionB: 5    positionC: 0
00:44:51.597 > Stop | servo y-axis (down) | servo turn 0 degree | gripper off
00:44:51.603 > positionA: 0    positionB: 5    positionC: 0
00:44:51.837 > Stop | servo y-axis (down) | servo turn 0 degree | gripper off
00:44:51.843 > positionA: 0    positionB: 5    positionC: 0
00:44:52.077 > Stop | servo y-axis (down) | servo turn 0 degree | gripper off
00:44:52.083 > positionA: 0    positionB: 5    positionC: 0
00:44:52.317 > Stop | servo y-axis (down) | servo turn 0 degree | gripper off
00:44:52.323 > positionA: 0    positionB: 5    positionC: 0
00:44:52.557 > Stop | servo y-axis (down) | servo turn 0 degree | gripper off
00:44:52.563 > positionA: 0    positionB: 5    positionC: 0
00:44:52.797 > Stop | servo y-axis (down) | servo turn 0 degree | gripper off
00:44:52.803 > positionA: 0    positionB: 5    positionC: 0
00:44:53.037 > Stop | servo y-axis (down) | servo turn 0 degree | gripper off
00:44:53.043 > positionA: 0    positionB: 5    positionC: 0
00:44:53.277 > Stop | servo y-axis (down) | servo turn 0 degree | gripper off
00:44:53.283 > positionA: 0    positionB: 5    positionC: 0
00:44:53.517 > Stop | servo y-axis (down) | servo turn 0 degree | gripper off
00:44:53.523 > positionA: 0    positionB: 5    positionC: 0
00:44:53.757 > Stop | servo y-axis (down) | servo turn 0 degree | gripper off
00:44:53.763 > positionA: 0    positionB: 5    positionC: 0
00:44:53.997 > Stop | servo y-axis (down) | servo turn 0 degree | gripper off
00:44:54.003 > positionA: 0    positionB: 5    positionC: 0
00:44:54.237 > Stop | servo y-axis (down) | servo turn 0 degree | gripper off
00:44:54.243 > positionA: 0    positionB: 5    positionC: 0
00:44:54.477 > Stop | servo y-axis (down) | servo turn 0 degree | gripper off
00:44:54.483 > positionA: 0    positionB: 5    positionC: 0
00:44:54.717 > Stop | servo y-axis (down) | servo turn 0 degree | gripper off
00:44:54.723 > positionA: 0    positionB: 5    positionC: 0
00:44:54.958 > Stop | servo y-axis (down) | servo turn 0 degree | gripper off
00:44:54.963 > positionA: 0    positionB: 5    positionC: 0
00:44:55.198 > Stop | servo y-axis (down) | servo turn 0 degree | gripper off
00:44:55.203 > positionA: 0    positionB: 5    positionC: 0
00:44:55.437 > Stop | servo y-axis (down) | servo turn 0 degree | gripper off
00:44:55.443 > positionA: 0    positionB: 5    positionC: 0
00:44:55.678 > Stop | servo y-axis (down) | servo turn 0 degree | gripper off
00:44:55.683 > positionA: 0    positionB: 5    positionC: 0
00:44:55.918 > Stop | servo y-axis (down) | servo turn 0 degree | gripper off
00:44:55.923 > positionA: 0    positionB: 5    positionC: 0
00:44:56.158 > Stop | servo y-axis (down) | servo turn 0 degree | gripper off
00:44:56.163 > positionA: 0    positionB: 5    positionC: 0
00:44:56.397 > Stop | servo y-axis (down) | servo turn 0 degree | gripper off
00:44:56.403 > positionA: 0    positionB: 5    positionC: 0
00:44:56.638 > Stop | servo y-axis (down) | servo turn 0 degree | gripper off
00:44:56.643 > positionA: 0    positionB: 5    positionC: 0
00:44:56.878 > Stop | servo y-axis (down) | servo turn 0 degree | gripper off
00:44:56.883 > positionA: 0    positionB: 5    positionC: 0
00:44:57.118 > Stop | servo y-axis (down) | servo turn 0 degree | gripper off
00:44:57.123 > positionA: 0    positionB: 5    positionC: 0
00:44:57.357 > Stop | servo y-axis (down) | servo turn 0 degree | gripper off
00:44:57.363 > positionA: 0    positionB: 5    positionC: 0
00:44:57.598 > Stop | servo y-axis (down) | servo turn 0 degree | gripper off
00:44:57.603 > positionA: 0    positionB: 5    positionC: 0
00:44:57.838 > Stop | servo y-axis (down) | servo turn 0 degree | gripper off
00:44:57.843 > positionA: 0    positionB: 5    positionC: 0
00:44:58.077 > Stop | servo y-axis (down) | servo turn 0 degree | gripper off
00:44:58.083 > positionA: 0    positionB: 5    positionC: 0
00:44:58.318 > Stop | servo y-axis (down) | servo turn 0 degree | gripper off
00:44:58.323 > positionA: 0    positionB: 5    positionC: 0
00:44:58.558 > Stop | servo y-axis (down) | servo turn 0 degree | gripper off
00:44:58.563 > positionA: 0    positionB: 5    positionC: 0
00:44:58.798 > Stop | servo y-axis (down) | servo turn 0 degree | gripper off
00:44:58.803 > positionA: 0    positionB: 5    positionC: 0
00:44:59.038 > Stop | servo y-axis (down) | servo turn 0 degree | gripper off
00:44:59.043 > positionA: 0    positionB: 5    positionC: 0
00:44:59.278 > Stop | servo y-axis (down) | servo turn 0 degree | gripper off
00:44:59.283 > positionA: 0    positionB: 5    positionC: 0
00:44:59.517 > Stop | servo y-axis (down) | servo turn 0 degree | gripper off
00:44:59.523 > positionA: 0    positionB: 5    positionC: 0
00:44:59.758 > Stop | servo y-axis (down) | servo turn 0 degree | gripper off
00:44:59.763 > positionA: 0    positionB: 5    positionC: 0
00:44:59.997 > Stop | servo y-axis (down) | servo turn 0 degree | gripper off
00:45:00.003 > positionA: 0    positionB: 5    positionC: 0
00:45:00.237 > Stop | servo y-axis (down) | servo turn 0 degree | gripper off
00:45:00.243 > positionA: 0    positionB: 5    positionC: 0
00:45:00.478 > Stop | servo y-axis (down) | servo turn 0 degree | gripper off
00:45:00.483 > positionA: 0    positionB: 5    positionC: 0
00:45:00.718 > Stop | servo y-axis (down) | servo turn 0 degree | gripper off
00:45:00.723 > positionA: 0    positionB: 5    positionC: 0
00:45:00.958 > Stop | servo y-axis (down) | servo turn 0 degree | gripper off
00:45:00.963 > positionA: 0    positionB: 5    positionC: 0
00:45:01.198 > Stop | servo y-axis (down) | servo turn 0 degree | gripper off
00:45:01.203 > positionA: 0    positionB: 5    positionC: 0
00:45:01.438 > Stop | servo y-axis (down) | servo turn 0 degree | gripper off
00:45:01.443 > positionA: 0    positionB: 5    positionC: 0
00:45:01.678 > Stop | servo y-axis (down) | servo turn 0 degree | gripper off
00:45:01.683 > positionA: 0    positionB: 5    positionC: 0
00:45:01.917 > Stop | servo y-axis (down) | servo turn 0 degree | gripper off
00:45:01.923 > positionA: 0    positionB: 5    positionC: 0
00:45:02.158 > Stop | servo y-axis (down) | servo turn 0 degree | gripper off
00:45:02.163 > positionA: 0    positionB: 5    positionC: 0
00:45:02.397 > Stop | servo y-axis (down) | servo turn 0 degree | gripper off
00:45:02.403 > positionA: 0    positionB: 5    positionC: 0
00:45:02.638 > Stop | servo y-axis (down) | servo turn 0 degree | gripper off
00:45:02.643 > positionA: 0    positionB: 5    positionC: 0
00:45:02.878 > Stop | servo y-axis (down) | servo turn 0 degree | gripper off
00:45:02.883 > positionA: 0    positionB: 5    positionC: 0
00:45:03.118 > Stop | servo y-axis (down) | servo turn 0 degree | gripper off
00:45:03.123 > positionA: 0    positionB: 5    positionC: 0
00:45:03.357 > Stop | servo y-axis (down) | servo turn 0 degree | gripper off
00:45:03.363 > positionA: 0    positionB: 5    positionC: 0
00:45:03.598 > Stop | servo y-axis (down) | servo turn 0 degree | gripper off
00:45:03.603 > positionA: 0    positionB: 5    positionC: 0
00:45:03.838 > Stop | servo y-axis (down) | servo turn 0 degree | gripper off
00:45:03.843 > positionA: 0    positionB: 5    positionC: 0
00:45:04.077 > Stop | servo y-axis (down) | servo turn 0 degree | gripper off
00:45:04.083 > positionA: 0    positionB: 5    positionC: 0
00:45:04.318 > Stop | servo y-axis (down) | servo turn 0 degree | gripper off
00:45:04.323 > positionA: 0    positionB: 5    positionC: 0
00:45:04.557 > Stop | servo y-axis (down) | servo turn 0 degree | gripper off
00:45:04.563 > positionA: 0    positionB: 5    positionC: 0
00:45:04.798 > Stop | servo y-axis (down) | servo turn 0 degree | gripper off
00:45:04.803 > positionA: 0    positionB: 5    positionC: 0
00:45:05.038 > Stop | servo y-axis (down) | servo turn 0 degree | gripper off
00:45:05.043 > positionA: 0    positionB: 5    positionC: 0
00:45:05.278 > Stop | servo y-axis (down) | servo turn 0 degree | gripper off
00:45:05.283 > positionA: 0    positionB: 5    positionC: 0
00:45:05.518 > Stop | servo y-axis (down) | servo turn 0 degree | gripper off
00:45:05.523 > positionA: 0    positionB: 5    positionC: 0
00:45:05.757 > Stop | servo y-axis (down) | servo turn 0 degree | gripper off
00:45:05.763 > positionA: 0    positionB: 5    positionC: 0
00:45:05.998 > Stop | servo y-axis (down) | servo turn 0 degree | gripper off
00:45:06.003 > positionA: 0    positionB: 5    positionC: 0
00:45:06.237 > Stop | servo y-axis (down) | servo turn 0 degree | gripper off
00:45:06.243 > positionA: 0    positionB: 5    positionC: 0
00:45:06.477 > Stop | servo y-axis (down) | servo turn 0 degree | gripper off
00:45:06.483 > positionA: 0    positionB: 5    positionC: 0
00:45:06.718 > Stop | servo y-axis (down) | servo turn 0 degree | gripper off
00:45:06.723 > positionA: 0    positionB: 5    positionC: 0
00:45:06.958 > Stop | servo y-axis (down) | servo turn 0 degree | gripper off
00:45:06.963 > positionA: 0    positionB: 5    positionC: 0
00:45:07.198 > Stop | servo y-axis (down) | servo turn 0 degree | gripper off
00:45:07.203 > positionA: 0    positionB: 5    positionC: 0
00:45:07.438 > Stop | servo y-axis (down) | servo turn 0 degree | gripper off
00:45:07.443 > positionA: 0    positionB: 5    positionC: 0
00:45:07.678 > Stop | servo y-axis (down) | servo turn 0 degree | gripper off
00:45:07.683 > positionA: 0    positionB: 5    positionC: 0
00:45:07.918 > Stop | servo y-axis (down) | servo turn 0 degree | gripper off
00:45:07.923 > positionA: 0    positionB: 5    positionC: 0
00:45:08.158 > Stop | servo y-axis (down) | servo turn 0 degree | gripper off
00:45:08.163 > positionA: 0    positionB: 5    positionC: 0
00:45:08.398 > Stop | servo y-axis (down) | servo turn 0 degree | gripper off
00:45:08.403 > positionA: 0    positionB: 5    positionC: 0
00:45:08.638 > Stop | servo y-axis (down) | servo turn 0 degree | gripper off
00:45:08.643 > positionA: 0    positionB: 5    positionC: 0
00:45:08.877 > Stop | servo y-axis (down) | servo turn 0 degree | gripper off
00:45:08.883 > positionA: 0    positionB: 5    positionC: 0
00:45:09.118 > Stop | servo y-axis (down) | servo turn 0 degree | gripper off
00:45:09.123 > positionA: 0    positionB: 5    positionC: 0
00:45:09.358 > Stop | servo y-axis (down) | servo turn 0 degree | gripper off
00:45:09.363 > positionA: 0    positionB: 5    positionC: 0
00:45:09.598 > Stop | servo y-axis (down) | servo turn 0 degree | gripper off
00:45:09.603 > positionA: 0    positionB: 5    positionC: 0
00:45:09.838 > Stop | servo y-axis (down) | servo turn 0 degree | gripper off
00:45:09.843 > positionA: 0    positionB: 5    positionC: 0
00:45:10.078 > Stop | servo y-axis (down) | servo turn 0 degree | gripper off
00:45:10.083 > positionA: 0    positionB: 5    positionC: 0
00:45:10.318 > Stop | servo y-axis (down) | servo turn 0 degree | gripper off
00:45:10.323 > positionA: 0    positionB: 5    positionC: 0
00:45:10.558 > Stop | servo y-axis (down) | servo turn 0 degree | gripper off
00:45:10.563 > positionA: 0    positionB: 5    positionC: 0
00:45:10.798 > Stop | servo y-axis (down) | servo turn 0 degree | gripper off
00:45:10.803 > positionA: 0    positionB: 5    positionC: 0
00:45:11.037 > Stop | servo y-axis (down) | servo turn 0 degree | gripper off
00:45:11.043 > positionA: 0    positionB: 5    positionC: 0
00:45:11.277 > Stop | servo y-axis (down) | servo turn 0 degree | gripper off
00:45:11.283 > positionA: 0    positionB: 5    positionC: 0
00:45:11.518 > Stop | servo y-axis (down) | servo turn 0 degree | gripper off
00:45:11.523 > positionA: 0    positionB: 5    positionC: 0
00:45:11.757 > Stop | servo y-axis (down) | servo turn 0 degree | gripper off
00:45:11.763 > positionA: 0    positionB: 5    positionC: 0
00:45:11.998 > Stop | servo y-axis (down) | servo turn 0 degree | gripper off
00:45:12.003 > positionA: 0    positionB: 5    positionC: 0
00:45:12.237 > Stop | servo y-axis (down) | servo turn 0 degree | gripper off
00:45:12.243 > positionA: 0    positionB: 5    positionC: 0
00:45:12.478 > Stop | servo y-axis (down) | servo turn 0 degree | gripper off
00:45:12.483 > positionA: 0    positionB: 5    positionC: 0
00:45:12.717 > Stop | servo y-axis (down) | servo turn 0 degree | gripper off
00:45:12.723 > positionA: 0    positionB: 5    positionC: 0
00:45:12.957 > Stop | servo y-axis (down) | servo turn 0 degree | gripper off
00:45:12.963 > positionA: 0    positionB: 5    positionC: 0
00:45:13.198 > Stop | servo y-axis (down) | servo turn 0 degree | gripper off
00:45:13.203 > positionA: 0    positionB: 5    positionC: 0
00:45:13.437 > Stop | servo y-axis (down) | servo turn 0 degree | gripper off
00:45:13.443 > positionA: 0    positionB: 5    positionC: 0
00:45:13.678 > Stop | servo y-axis (down) | servo turn 0 degree | gripper off
00:45:13.683 > positionA: 0    positionB: 5    positionC: 0
00:45:13.918 > Stop | servo y-axis (down) | servo turn 0 degree | gripper off
00:45:13.923 > positionA: 0    positionB: 5    positionC: 0
00:45:14.158 > Stop | servo y-axis (down) | servo turn 0 degree | gripper off
00:45:14.163 > positionA: 0    positionB: 5    positionC: 0
00:45:14.397 > Stop | servo y-axis (down) | servo turn 0 degree | gripper off
00:45:14.403 > positionA: 0    positionB: 5    positionC: 0
00:45:14.637 > Stop | servo y-axis (down) | servo turn 0 degree | gripper off
00:45:14.643 > positionA: 0    positionB: 5    positionC: 0
00:45:14.877 > Stop | servo y-axis (down) | servo turn 0 degree | gripper off
00:45:14.883 > positionA: 0    positionB: 5    positionC: 0
00:45:15.118 > Stop | servo y-axis (down) | servo turn 0 degree | gripper off
00:45:15.123 > positionA: 0    positionB: 5    positionC: 0
00:45:15.358 > Stop | servo y-axis (down) | servo turn 0 degree | gripper off
00:45:15.363 > positionA: 0    positionB: 5    positionC: 0
00:45:15.597 > Stop | servo y-axis (down) | servo turn 0 degree | gripper off
00:45:15.603 > positionA: 0    positionB: 5    positionC: 0
00:45:15.837 > Stop | servo y-axis (down) | servo turn 0 degree | gripper off
00:45:15.843 > positionA: 0    positionB: 5    positionC: 0
00:45:16.077 > Stop | servo y-axis (down) | servo turn 0 degree | gripper off
00:45:16.083 > positionA: 0    positionB: 5    positionC: 0
00:45:16.317 > Stop | servo y-axis (down) | servo turn 0 degree | gripper off
00:45:16.323 > positionA: 0    positionB: 5    positionC: 0
00:45:16.557 > Stop | servo y-axis (down) | servo turn 0 degree | gripper off
00:45:16.562 > positionA: 0    positionB: 5    positionC: 0
00:45:16.797 > Stop | servo y-axis (down) | servo turn 0 degree | gripper off
00:45:16.803 > positionA: 0    positionB: 5    positionC: 0
00:45:17.038 > Stop | servo y-axis (down) | servo turn 0 degree | gripper off
00:45:17.043 > positionA: 0    positionB: 5    positionC: 0
00:45:17.278 > Stop | servo y-axis (down) | servo turn 0 degree | gripper off
00:45:17.283 > positionA: 0    positionB: 5    positionC: 0
00:45:17.517 > Stop | servo y-axis (down) | servo turn 0 degree | gripper off
00:45:17.523 > positionA: 0    positionB: 5    positionC: 0
00:45:17.757 > Stop | servo y-axis (down) | servo turn 0 degree | gripper off
00:45:17.762 > positionA: 0    positionB: 5    positionC: 0
00:45:17.998 > Stop | servo y-axis (down) | servo turn 0 degree | gripper off
00:45:18.003 > positionA: 0    positionB: 5    positionC: 0
00:45:18.237 > Stop | servo y-axis (down) | servo turn 0 degree | gripper off
00:45:18.243 > positionA: 0    positionB: 5    positionC: 0
00:45:18.478 > Stop | servo y-axis (down) | servo turn 0 degree | gripper off
00:45:18.483 > positionA: 0    positionB: 5    positionC: 0
00:45:18.718 > Stop | servo y-axis (down) | servo turn 0 degree | gripper off
00:45:18.723 > positionA: 0    positionB: 5    positionC: 0
00:45:18.957 > Stop | servo y-axis (down) | servo turn 0 degree | gripper off
00:45:18.963 > positionA: 0    positionB: 5    positionC: 0
00:45:19.198 > Stop | servo y-axis (down) | servo turn 0 degree | gripper off
00:45:19.203 > positionA: 0    positionB: 5    positionC: 0
00:45:19.438 > Stop | servo y-axis (down) | servo turn 0 degree | gripper off
00:45:19.443 > positionA: 0    positionB: 5    positionC: 0
